Determining size of off64_t failed with the following output:
Change Dir: C:/q2/q2rtx/build/CMakeFiles/CMakeTmp

Run Build Command(s):C:/Program Files (x86)/Microsoft Visual Studio/2019/Community/MSBuild/Current/Bin/MSBuild.exe cmTC_b1fb6.vcxproj /p:Configuration=Debug /p:Platform=x64 /p:VisualStudioVersion=16.0 /v:m 
Microsoft (R) Build Engine version 16.1.76+g14b0a930a7 for .NET Framework
Copyright (C) Microsoft Corporation. All rights reserved.

  Microsoft (R) C/C++ Optimizing Compiler Version 19.21.27702.2 for x64
  OFF64_T.c
  Copyright (C) Microsoft Corporation.  All rights reserved.
  cl /c /Zi /W3 /WX- /diagnostics:column /Od /Ob0 /D WIN32 /D _WINDOWS /D _LARGEFILE64_SOURCE=1 /D HAVE_SYS_TYPES_H /D HAVE_STDINT_H /D HAVE_STDDEF_H /D "CMAKE_INTDIR=\"Debug\"" /D _MBCS /Gm- /RTC1 /MDd /GS /fp:precise /Zc:wchar_t /Zc:forScope /Zc:inline /Fo"cmTC_b1fb6.dir\Debug\\" /Fd"cmTC_b1fb6.dir\Debug\vc142.pdb" /Gd /TC /errorReport:queue C:\q2\q2rtx\build\CMakeFiles\CheckTypeSize\OFF64_T.c
C:\q2\q2rtx\build\CMakeFiles\CheckTypeSize\OFF64_T.c(25,12): error C2065:  'off64_t': undeclared identifier [C:\q2\q2rtx\build\CMakeFiles\CMakeTmp\cmTC_b1fb6.vcxproj]
C:\q2\q2rtx\build\CMakeFiles\CheckTypeSize\OFF64_T.c(26,12): error C2065:  'off64_t': undeclared identifier [C:\q2\q2rtx\build\CMakeFiles\CMakeTmp\cmTC_b1fb6.vcxproj]
C:\q2\q2rtx\build\CMakeFiles\CheckTypeSize\OFF64_T.c(27,12): error C2065:  'off64_t': undeclared identifier [C:\q2\q2rtx\build\CMakeFiles\CMakeTmp\cmTC_b1fb6.vcxproj]
C:\q2\q2rtx\build\CMakeFiles\CheckTypeSize\OFF64_T.c(28,12): error C2065:  'off64_t': undeclared identifier [C:\q2\q2rtx\build\CMakeFiles\CMakeTmp\cmTC_b1fb6.vcxproj]
C:\q2\q2rtx\build\CMakeFiles\CheckTypeSize\OFF64_T.c(29,12): error C2065:  'off64_t': undeclared identifier [C:\q2\q2rtx\build\CMakeFiles\CMakeTmp\cmTC_b1fb6.vcxproj]

C:/q2/q2rtx/build/CMakeFiles/CheckTypeSize/OFF64_T.c:
#include <sys/types.h>
#include <stdint.h>
#include <stddef.h>


#undef KEY
#if defined(__i386)
# define KEY '_','_','i','3','8','6'
#elif defined(__x86_64)
# define KEY '_','_','x','8','6','_','6','4'
#elif defined(__ppc__)
# define KEY '_','_','p','p','c','_','_'
#elif defined(__ppc64__)
# define KEY '_','_','p','p','c','6','4','_','_'
#elif defined(__aarch64__)
# define KEY '_','_','a','a','r','c','h','6','4','_','_'
#elif defined(__ARM_ARCH_7A__)
# define KEY '_','_','A','R','M','_','A','R','C','H','_','7','A','_','_'
#elif defined(__ARM_ARCH_7S__)
# define KEY '_','_','A','R','M','_','A','R','C','H','_','7','S','_','_'
#endif

#define SIZE (sizeof(off64_t))
char info_size[] =  {'I', 'N', 'F', 'O', ':', 's','i','z','e','[',
  ('0' + ((SIZE / 10000)%10)),
  ('0' + ((SIZE / 1000)%10)),
  ('0' + ((SIZE / 100)%10)),
  ('0' + ((SIZE / 10)%10)),
  ('0' +  (SIZE    % 10)),
  ']',
#ifdef KEY
  ' ','k','e','y','[', KEY, ']',
#endif
  '\0'};

#ifdef __CLASSIC_C__
int main(argc, argv) int argc; char *argv[];
#else
int main(int argc, char *argv[])
#endif
{
  int require = 0;
  require += info_size[argc];
  (void)argv;
  return require;
}


Determining if the function fseeko exists failed with the following output:
Change Dir: C:/q2/q2rtx/build/CMakeFiles/CMakeTmp

Run Build Command(s):C:/Program Files (x86)/Microsoft Visual Studio/2019/Community/MSBuild/Current/Bin/MSBuild.exe cmTC_cb0b5.vcxproj /p:Configuration=Debug /p:Platform=x64 /p:VisualStudioVersion=16.0 /v:m 
Microsoft (R) Build Engine version 16.1.76+g14b0a930a7 for .NET Framework
Copyright (C) Microsoft Corporation. All rights reserved.

  Microsoft (R) C/C++ Optimizing Compiler Version 19.21.27702.2 for x64
  CheckFunctionExists.c
  Copyright (C) Microsoft Corporation.  All rights reserved.
  cl /c /Zi /W3 /WX- /diagnostics:column /Od /Ob0 /D WIN32 /D _WINDOWS /D CHECK_FUNCTION_EXISTS=fseeko /D "CMAKE_INTDIR=\"Debug\"" /D _MBCS /Gm- /RTC1 /MDd /GS /fp:precise /Zc:wchar_t /Zc:forScope /Zc:inline /Fo"cmTC_cb0b5.dir\Debug\\" /Fd"cmTC_cb0b5.dir\Debug\vc142.pdb" /Gd /TC /errorReport:queue "C:\Program Files\CMake\share\cmake-3.14\Modules\CheckFunctionExists.c"
CheckFunctionExists.obj : error LNK2019: unresolved external symbol fseeko referenced in function main [C:\q2\q2rtx\build\CMakeFiles\CMakeTmp\cmTC_cb0b5.vcxproj]
C:\q2\q2rtx\build\CMakeFiles\CMakeTmp\Debug\cmTC_cb0b5.exe : fatal error LNK1120: 1 unresolved externals [C:\q2\q2rtx\build\CMakeFiles\CMakeTmp\cmTC_cb0b5.vcxproj]


Determining if the include file unistd.h exists failed with the following output:
Change Dir: C:/q2/q2rtx/build/CMakeFiles/CMakeTmp

Run Build Command(s):C:/Program Files (x86)/Microsoft Visual Studio/2019/Community/MSBuild/Current/Bin/MSBuild.exe cmTC_915e4.vcxproj /p:Configuration=Debug /p:Platform=x64 /p:VisualStudioVersion=16.0 /v:m 
Microsoft (R) Build Engine version 16.1.76+g14b0a930a7 for .NET Framework
Copyright (C) Microsoft Corporation. All rights reserved.

  Microsoft (R) C/C++ Optimizing Compiler Version 19.21.27702.2 for x64
  CheckIncludeFile.c
  Copyright (C) Microsoft Corporation.  All rights reserved.
  cl /c /Zi /W3 /WX- /diagnostics:column /Od /Ob0 /D WIN32 /D _WINDOWS /D "CMAKE_INTDIR=\"Debug\"" /D _MBCS /Gm- /RTC1 /MDd /GS /fp:precise /Zc:wchar_t /Zc:forScope /Zc:inline /Fo"cmTC_915e4.dir\Debug\\" /Fd"cmTC_915e4.dir\Debug\vc142.pdb" /Gd /TC /errorReport:queue C:\q2\q2rtx\build\CMakeFiles\CMakeTmp\CheckIncludeFile.c
C:\q2\q2rtx\build\CMakeFiles\CMakeTmp\CheckIncludeFile.c(1,10): error C1083:  Cannot open include file: 'unistd.h': No such file or directory [C:\q2\q2rtx\build\CMakeFiles\CMakeTmp\cmTC_915e4.vcxproj]


Performing C SOURCE FILE Test HAVE_XINPUT_GAMEPAD_EX failed with the following output:
Change Dir: C:/q2/q2rtx/build/CMakeFiles/CMakeTmp

Run Build Command(s):C:/Program Files (x86)/Microsoft Visual Studio/2019/Community/MSBuild/Current/Bin/MSBuild.exe cmTC_5a2cd.vcxproj /p:Configuration=Debug /p:Platform=x64 /p:VisualStudioVersion=16.0 /v:m 
Microsoft (R) Build Engine version 16.1.76+g14b0a930a7 for .NET Framework
Copyright (C) Microsoft Corporation. All rights reserved.

  Microsoft (R) C/C++ Optimizing Compiler Version 19.21.27702.2 for x64
  src.c
  Copyright (C) Microsoft Corporation.  All rights reserved.
  cl /c /Zi /W3 /WX- /diagnostics:column /Od /Ob0 /D WIN32 /D _WINDOWS /D HAVE_XINPUT_GAMEPAD_EX /D "CMAKE_INTDIR=\"Debug\"" /D _MBCS /Gm- /RTC1 /MDd /GS /fp:precise /Zc:wchar_t /Zc:forScope /Zc:inline /Fo"cmTC_5a2cd.dir\Debug\\" /Fd"cmTC_5a2cd.dir\Debug\vc142.pdb" /Gd /TC /errorReport:queue C:\q2\q2rtx\build\CMakeFiles\CMakeTmp\src.c
C:\q2\q2rtx\build\CMakeFiles\CMakeTmp\src.c(4,27): error C2061:  syntax error: identifier 'x1' [C:\q2\q2rtx\build\CMakeFiles\CMakeTmp\cmTC_5a2cd.vcxproj]
C:\q2\q2rtx\build\CMakeFiles\CMakeTmp\src.c(4,27): error C2059:  syntax error: ';' [C:\q2\q2rtx\build\CMakeFiles\CMakeTmp\cmTC_5a2cd.vcxproj]

Source file was:

        #include <windows.h>
        #include <xinput.h>
        XINPUT_GAMEPAD_EX x1;
        int main(int argc, char **argv) { }
Performing C SOURCE FILE Test HAVE_XINPUT_STATE_EX failed with the following output:
Change Dir: C:/q2/q2rtx/build/CMakeFiles/CMakeTmp

Run Build Command(s):C:/Program Files (x86)/Microsoft Visual Studio/2019/Community/MSBuild/Current/Bin/MSBuild.exe cmTC_b31f8.vcxproj /p:Configuration=Debug /p:Platform=x64 /p:VisualStudioVersion=16.0 /v:m 
Microsoft (R) Build Engine version 16.1.76+g14b0a930a7 for .NET Framework
Copyright (C) Microsoft Corporation. All rights reserved.

  Microsoft (R) C/C++ Optimizing Compiler Version 19.21.27702.2 for x64
  src.c
  Copyright (C) Microsoft Corporation.  All rights reserved.
  cl /c /Zi /W3 /WX- /diagnostics:column /Od /Ob0 /D WIN32 /D _WINDOWS /D HAVE_XINPUT_STATE_EX /D "CMAKE_INTDIR=\"Debug\"" /D _MBCS /Gm- /RTC1 /MDd /GS /fp:precise /Zc:wchar_t /Zc:forScope /Zc:inline /Fo"cmTC_b31f8.dir\Debug\\" /Fd"cmTC_b31f8.dir\Debug\vc142.pdb" /Gd /TC /errorReport:queue C:\q2\q2rtx\build\CMakeFiles\CMakeTmp\src.c
C:\q2\q2rtx\build\CMakeFiles\CMakeTmp\src.c(4,25): error C2061:  syntax error: identifier 's1' [C:\q2\q2rtx\build\CMakeFiles\CMakeTmp\cmTC_b31f8.vcxproj]
C:\q2\q2rtx\build\CMakeFiles\CMakeTmp\src.c(4,25): error C2059:  syntax error: ';' [C:\q2\q2rtx\build\CMakeFiles\CMakeTmp\cmTC_b31f8.vcxproj]

Source file was:

        #include <windows.h>
        #include <xinput.h>
        XINPUT_STATE_EX s1;
        int main(int argc, char **argv) { }
Determining if the include file pthread.h exists failed with the following output:
Change Dir: C:/q2/q2rtx/build/CMakeFiles/CMakeTmp

Run Build Command(s):C:/Program Files (x86)/Microsoft Visual Studio/2019/Community/MSBuild/Current/Bin/MSBuild.exe cmTC_fc51f.vcxproj /p:Configuration=Debug /p:Platform=x64 /p:VisualStudioVersion=16.0 /v:m 
Microsoft (R) Build Engine version 16.1.76+g14b0a930a7 for .NET Framework
Copyright (C) Microsoft Corporation. All rights reserved.

  Microsoft (R) C/C++ Optimizing Compiler Version 19.21.27702.2 for x64
  CheckIncludeFile.c
  Copyright (C) Microsoft Corporation.  All rights reserved.
  cl /c /Zi /W3 /WX- /diagnostics:column /Od /Ob0 /D WIN32 /D _WINDOWS /D _WINSOCKAPI_= /D "CMAKE_INTDIR=\"Debug\"" /D _MBCS /Gm- /RTC1 /MDd /GS /fp:precise /Zc:wchar_t /Zc:forScope /Zc:inline /Fo"cmTC_fc51f.dir\Debug\\" /Fd"cmTC_fc51f.dir\Debug\vc142.pdb" /Gd /TC /errorReport:queue C:\q2\q2rtx\build\CMakeFiles\CMakeTmp\CheckIncludeFile.c
C:\q2\q2rtx\build\CMakeFiles\CMakeTmp\CheckIncludeFile.c(1,10): error C1083:  Cannot open include file: 'pthread.h': No such file or directory [C:\q2\q2rtx\build\CMakeFiles\CMakeTmp\cmTC_fc51f.vcxproj]


Determining if the function idn2_lookup_ul exists in the idn2;winmm;ws2_32;advapi32 failed with the following output:
Change Dir: C:/q2/q2rtx/build/CMakeFiles/CMakeTmp

Run Build Command(s):C:/Program Files (x86)/Microsoft Visual Studio/2019/Community/MSBuild/Current/Bin/MSBuild.exe cmTC_2dd1b.vcxproj /p:Configuration=Debug /p:Platform=x64 /p:VisualStudioVersion=16.0 /v:m 
Microsoft (R) Build Engine version 16.1.76+g14b0a930a7 for .NET Framework
Copyright (C) Microsoft Corporation. All rights reserved.

  Microsoft (R) C/C++ Optimizing Compiler Version 19.21.27702.2 for x64
  CheckFunctionExists.c
  Copyright (C) Microsoft Corporation.  All rights reserved.
  cl /c /Zi /W3 /WX- /diagnostics:column /Od /Ob0 /D WIN32 /D _WINDOWS /D CHECK_FUNCTION_EXISTS=idn2_lookup_ul /D _WINSOCKAPI_= /D "CMAKE_INTDIR=\"Debug\"" /D _MBCS /Gm- /RTC1 /MDd /GS /fp:precise /Zc:wchar_t /Zc:forScope /Zc:inline /Fo"cmTC_2dd1b.dir\Debug\\" /Fd"cmTC_2dd1b.dir\Debug\vc142.pdb" /Gd /TC /errorReport:queue "C:\Program Files\CMake\share\cmake-3.14\Modules\CheckFunctionExists.c"
LINK : fatal error LNK1104: cannot open file 'idn2.lib' [C:\q2\q2rtx\build\CMakeFiles\CMakeTmp\cmTC_2dd1b.vcxproj]


Performing C SOURCE FILE Test USE_UNIX_SOCKETS failed with the following output:
Change Dir: C:/q2/q2rtx/build/CMakeFiles/CMakeTmp

Run Build Command(s):C:/Program Files (x86)/Microsoft Visual Studio/2019/Community/MSBuild/Current/Bin/MSBuild.exe cmTC_95198.vcxproj /p:Configuration=Debug /p:Platform=x64 /p:VisualStudioVersion=16.0 /v:m 
Microsoft (R) Build Engine version 16.1.76+g14b0a930a7 for .NET Framework
Copyright (C) Microsoft Corporation. All rights reserved.

  Microsoft (R) C/C++ Optimizing Compiler Version 19.21.27702.2 for x64
  src.c
  Copyright (C) Microsoft Corporation.  All rights reserved.
  cl /c /Zi /W3 /WX- /diagnostics:column /Od /Ob0 /D WIN32 /D _WINDOWS /D USE_UNIX_SOCKETS /D _WINSOCKAPI_= /D "CMAKE_INTDIR=\"Debug\"" /D _MBCS /Gm- /RTC1 /MDd /GS /fp:precise /Zc:wchar_t /Zc:forScope /Zc:inline /Fo"cmTC_95198.dir\Debug\\" /Fd"cmTC_95198.dir\Debug\vc142.pdb" /Gd /TC /errorReport:queue C:\q2\q2rtx\build\CMakeFiles\CMakeTmp\src.c
C:\q2\q2rtx\build\CMakeFiles\CMakeTmp\src.c(2,10): error C1083:  Cannot open include file: 'sys/un.h': No such file or directory [C:\q2\q2rtx\build\CMakeFiles\CMakeTmp\cmTC_95198.vcxproj]

Source file was:

#include <sys/un.h>

int main()
{
   (void)sizeof(((struct sockaddr_un *)0)->sun_path);
   return 0;
}

Determining if files windows.h;winsock.h;ws2tcpip.h;winsock2.h;stdio.h;sys/filio.h exist failed with the following output:
Change Dir: C:/q2/q2rtx/build/CMakeFiles/CMakeTmp

Run Build Command(s):C:/Program Files (x86)/Microsoft Visual Studio/2019/Community/MSBuild/Current/Bin/MSBuild.exe cmTC_58094.vcxproj /p:Configuration=Debug /p:Platform=x64 /p:VisualStudioVersion=16.0 /v:m 
Microsoft (R) Build Engine version 16.1.76+g14b0a930a7 for .NET Framework
Copyright (C) Microsoft Corporation. All rights reserved.

  Microsoft (R) C/C++ Optimizing Compiler Version 19.21.27702.2 for x64
  HAVE_SYS_FILIO_H.c
  Copyright (C) Microsoft Corporation.  All rights reserved.
  cl /c /Zi /W3 /WX- /diagnostics:column /Od /Ob0 /D WIN32 /D _WINDOWS /D _WINSOCKAPI_= /D "CMAKE_INTDIR=\"Debug\"" /D _MBCS /Gm- /RTC1 /MDd /GS /fp:precise /Zc:wchar_t /Zc:forScope /Zc:inline /Fo"cmTC_58094.dir\Debug\\" /Fd"cmTC_58094.dir\Debug\vc142.pdb" /Gd /TC /errorReport:queue C:\q2\q2rtx\build\CMakeFiles\CheckIncludeFiles\HAVE_SYS_FILIO_H.c
C:\q2\q2rtx\build\CMakeFiles\CheckIncludeFiles\HAVE_SYS_FILIO_H.c(7,10): error C1083:  Cannot open include file: 'sys/filio.h': No such file or directory [C:\q2\q2rtx\build\CMakeFiles\CMakeTmp\cmTC_58094.vcxproj]

Source:
/* */
#include <windows.h>
#include <winsock.h>
#include <ws2tcpip.h>
#include <winsock2.h>
#include <stdio.h>
#include <sys/filio.h>


int main(void){return 0;}

Determining if files windows.h;winsock.h;ws2tcpip.h;winsock2.h;stdio.h;sys/ioctl.h exist failed with the following output:
Change Dir: C:/q2/q2rtx/build/CMakeFiles/CMakeTmp

Run Build Command(s):C:/Program Files (x86)/Microsoft Visual Studio/2019/Community/MSBuild/Current/Bin/MSBuild.exe cmTC_d17d5.vcxproj /p:Configuration=Debug /p:Platform=x64 /p:VisualStudioVersion=16.0 /v:m 
Microsoft (R) Build Engine version 16.1.76+g14b0a930a7 for .NET Framework
Copyright (C) Microsoft Corporation. All rights reserved.

  Microsoft (R) C/C++ Optimizing Compiler Version 19.21.27702.2 for x64
  HAVE_SYS_IOCTL_H.c
  Copyright (C) Microsoft Corporation.  All rights reserved.
  cl /c /Zi /W3 /WX- /diagnostics:column /Od /Ob0 /D WIN32 /D _WINDOWS /D _WINSOCKAPI_= /D "CMAKE_INTDIR=\"Debug\"" /D _MBCS /Gm- /RTC1 /MDd /GS /fp:precise /Zc:wchar_t /Zc:forScope /Zc:inline /Fo"cmTC_d17d5.dir\Debug\\" /Fd"cmTC_d17d5.dir\Debug\vc142.pdb" /Gd /TC /errorReport:queue C:\q2\q2rtx\build\CMakeFiles\CheckIncludeFiles\HAVE_SYS_IOCTL_H.c
C:\q2\q2rtx\build\CMakeFiles\CheckIncludeFiles\HAVE_SYS_IOCTL_H.c(7,10): error C1083:  Cannot open include file: 'sys/ioctl.h': No such file or directory [C:\q2\q2rtx\build\CMakeFiles\CMakeTmp\cmTC_d17d5.vcxproj]

Source:
/* */
#include <windows.h>
#include <winsock.h>
#include <ws2tcpip.h>
#include <winsock2.h>
#include <stdio.h>
#include <sys/ioctl.h>


int main(void){return 0;}

Determining if files windows.h;winsock.h;ws2tcpip.h;winsock2.h;stdio.h;sys/resource.h exist failed with the following output:
Change Dir: C:/q2/q2rtx/build/CMakeFiles/CMakeTmp

Run Build Command(s):C:/Program Files (x86)/Microsoft Visual Studio/2019/Community/MSBuild/Current/Bin/MSBuild.exe cmTC_776c7.vcxproj /p:Configuration=Debug /p:Platform=x64 /p:VisualStudioVersion=16.0 /v:m 
Microsoft (R) Build Engine version 16.1.76+g14b0a930a7 for .NET Framework
Copyright (C) Microsoft Corporation. All rights reserved.

  Microsoft (R) C/C++ Optimizing Compiler Version 19.21.27702.2 for x64
  HAVE_SYS_RESOURCE_H.c
  Copyright (C) Microsoft Corporation.  All rights reserved.
  cl /c /Zi /W3 /WX- /diagnostics:column /Od /Ob0 /D WIN32 /D _WINDOWS /D _WINSOCKAPI_= /D "CMAKE_INTDIR=\"Debug\"" /D _MBCS /Gm- /RTC1 /MDd /GS /fp:precise /Zc:wchar_t /Zc:forScope /Zc:inline /Fo"cmTC_776c7.dir\Debug\\" /Fd"cmTC_776c7.dir\Debug\vc142.pdb" /Gd /TC /errorReport:queue C:\q2\q2rtx\build\CMakeFiles\CheckIncludeFiles\HAVE_SYS_RESOURCE_H.c
C:\q2\q2rtx\build\CMakeFiles\CheckIncludeFiles\HAVE_SYS_RESOURCE_H.c(7,10): error C1083:  Cannot open include file: 'sys/resource.h': No such file or directory [C:\q2\q2rtx\build\CMakeFiles\CMakeTmp\cmTC_776c7.vcxproj]

Source:
/* */
#include <windows.h>
#include <winsock.h>
#include <ws2tcpip.h>
#include <winsock2.h>
#include <stdio.h>
#include <sys/resource.h>


int main(void){return 0;}

Determining if files windows.h;winsock.h;ws2tcpip.h;winsock2.h;stdio.h;sys/stat.h;sys/types.h;sys/uio.h exist failed with the following output:
Change Dir: C:/q2/q2rtx/build/CMakeFiles/CMakeTmp

Run Build Command(s):C:/Program Files (x86)/Microsoft Visual Studio/2019/Community/MSBuild/Current/Bin/MSBuild.exe cmTC_f5a32.vcxproj /p:Configuration=Debug /p:Platform=x64 /p:VisualStudioVersion=16.0 /v:m 
Microsoft (R) Build Engine version 16.1.76+g14b0a930a7 for .NET Framework
Copyright (C) Microsoft Corporation. All rights reserved.

  Microsoft (R) C/C++ Optimizing Compiler Version 19.21.27702.2 for x64
  HAVE_SYS_UIO_H.c
  Copyright (C) Microsoft Corporation.  All rights reserved.
  cl /c /Zi /W3 /WX- /diagnostics:column /Od /Ob0 /D WIN32 /D _WINDOWS /D _WINSOCKAPI_= /D "CMAKE_INTDIR=\"Debug\"" /D _MBCS /Gm- /RTC1 /MDd /GS /fp:precise /Zc:wchar_t /Zc:forScope /Zc:inline /Fo"cmTC_f5a32.dir\Debug\\" /Fd"cmTC_f5a32.dir\Debug\vc142.pdb" /Gd /TC /errorReport:queue C:\q2\q2rtx\build\CMakeFiles\CheckIncludeFiles\HAVE_SYS_UIO_H.c
C:\q2\q2rtx\build\CMakeFiles\CheckIncludeFiles\HAVE_SYS_UIO_H.c(9,10): error C1083:  Cannot open include file: 'sys/uio.h': No such file or directory [C:\q2\q2rtx\build\CMakeFiles\CMakeTmp\cmTC_f5a32.vcxproj]

Source:
/* */
#include <windows.h>
#include <winsock.h>
#include <ws2tcpip.h>
#include <winsock2.h>
#include <stdio.h>
#include <sys/stat.h>
#include <sys/types.h>
#include <sys/uio.h>


int main(void){return 0;}

Determining if files windows.h;winsock.h;ws2tcpip.h;winsock2.h;stdio.h;sys/stat.h;sys/types.h;sys/un.h exist failed with the following output:
Change Dir: C:/q2/q2rtx/build/CMakeFiles/CMakeTmp

Run Build Command(s):C:/Program Files (x86)/Microsoft Visual Studio/2019/Community/MSBuild/Current/Bin/MSBuild.exe cmTC_54ac0.vcxproj /p:Configuration=Debug /p:Platform=x64 /p:VisualStudioVersion=16.0 /v:m 
Microsoft (R) Build Engine version 16.1.76+g14b0a930a7 for .NET Framework
Copyright (C) Microsoft Corporation. All rights reserved.

  Microsoft (R) C/C++ Optimizing Compiler Version 19.21.27702.2 for x64
  HAVE_SYS_UN_H.c
  Copyright (C) Microsoft Corporation.  All rights reserved.
  cl /c /Zi /W3 /WX- /diagnostics:column /Od /Ob0 /D WIN32 /D _WINDOWS /D _WINSOCKAPI_= /D "CMAKE_INTDIR=\"Debug\"" /D _MBCS /Gm- /RTC1 /MDd /GS /fp:precise /Zc:wchar_t /Zc:forScope /Zc:inline /Fo"cmTC_54ac0.dir\Debug\\" /Fd"cmTC_54ac0.dir\Debug\vc142.pdb" /Gd /TC /errorReport:queue C:\q2\q2rtx\build\CMakeFiles\CheckIncludeFiles\HAVE_SYS_UN_H.c
C:\q2\q2rtx\build\CMakeFiles\CheckIncludeFiles\HAVE_SYS_UN_H.c(9,10): error C1083:  Cannot open include file: 'sys/un.h': No such file or directory [C:\q2\q2rtx\build\CMakeFiles\CMakeTmp\cmTC_54ac0.vcxproj]

Source:
/* */
#include <windows.h>
#include <winsock.h>
#include <ws2tcpip.h>
#include <winsock2.h>
#include <stdio.h>
#include <sys/stat.h>
#include <sys/types.h>
#include <sys/un.h>


int main(void){return 0;}

Determining if files windows.h;winsock.h;ws2tcpip.h;winsock2.h;stdio.h;sys/stat.h;sys/types.h;sys/utime.h;sys/xattr.h exist failed with the following output:
Change Dir: C:/q2/q2rtx/build/CMakeFiles/CMakeTmp

Run Build Command(s):C:/Program Files (x86)/Microsoft Visual Studio/2019/Community/MSBuild/Current/Bin/MSBuild.exe cmTC_10eaf.vcxproj /p:Configuration=Debug /p:Platform=x64 /p:VisualStudioVersion=16.0 /v:m 
Microsoft (R) Build Engine version 16.1.76+g14b0a930a7 for .NET Framework
Copyright (C) Microsoft Corporation. All rights reserved.

  Microsoft (R) C/C++ Optimizing Compiler Version 19.21.27702.2 for x64
  HAVE_SYS_XATTR_H.c
  Copyright (C) Microsoft Corporation.  All rights reserved.
  cl /c /Zi /W3 /WX- /diagnostics:column /Od /Ob0 /D WIN32 /D _WINDOWS /D _WINSOCKAPI_= /D "CMAKE_INTDIR=\"Debug\"" /D _MBCS /Gm- /RTC1 /MDd /GS /fp:precise /Zc:wchar_t /Zc:forScope /Zc:inline /Fo"cmTC_10eaf.dir\Debug\\" /Fd"cmTC_10eaf.dir\Debug\vc142.pdb" /Gd /TC /errorReport:queue C:\q2\q2rtx\build\CMakeFiles\CheckIncludeFiles\HAVE_SYS_XATTR_H.c
C:\q2\q2rtx\build\CMakeFiles\CheckIncludeFiles\HAVE_SYS_XATTR_H.c(10,10): error C1083:  Cannot open include file: 'sys/xattr.h': No such file or directory [C:\q2\q2rtx\build\CMakeFiles\CMakeTmp\cmTC_10eaf.vcxproj]

Source:
/* */
#include <windows.h>
#include <winsock.h>
#include <ws2tcpip.h>
#include <winsock2.h>
#include <stdio.h>
#include <sys/stat.h>
#include <sys/types.h>
#include <sys/utime.h>
#include <sys/xattr.h>


int main(void){return 0;}

Determining if files windows.h;winsock.h;ws2tcpip.h;winsock2.h;stdio.h;sys/stat.h;sys/types.h;sys/utime.h;arpa/tftp.h exist failed with the following output:
Change Dir: C:/q2/q2rtx/build/CMakeFiles/CMakeTmp

Run Build Command(s):C:/Program Files (x86)/Microsoft Visual Studio/2019/Community/MSBuild/Current/Bin/MSBuild.exe cmTC_3a08e.vcxproj /p:Configuration=Debug /p:Platform=x64 /p:VisualStudioVersion=16.0 /v:m 
Microsoft (R) Build Engine version 16.1.76+g14b0a930a7 for .NET Framework
Copyright (C) Microsoft Corporation. All rights reserved.

  Microsoft (R) C/C++ Optimizing Compiler Version 19.21.27702.2 for x64
  HAVE_ARPA_TFTP_H.c
  Copyright (C) Microsoft Corporation.  All rights reserved.
  cl /c /Zi /W3 /WX- /diagnostics:column /Od /Ob0 /D WIN32 /D _WINDOWS /D _WINSOCKAPI_= /D "CMAKE_INTDIR=\"Debug\"" /D _MBCS /Gm- /RTC1 /MDd /GS /fp:precise /Zc:wchar_t /Zc:forScope /Zc:inline /Fo"cmTC_3a08e.dir\Debug\\" /Fd"cmTC_3a08e.dir\Debug\vc142.pdb" /Gd /TC /errorReport:queue C:\q2\q2rtx\build\CMakeFiles\CheckIncludeFiles\HAVE_ARPA_TFTP_H.c
C:\q2\q2rtx\build\CMakeFiles\CheckIncludeFiles\HAVE_ARPA_TFTP_H.c(10,10): error C1083:  Cannot open include file: 'arpa/tftp.h': No such file or directory [C:\q2\q2rtx\build\CMakeFiles\CMakeTmp\cmTC_3a08e.vcxproj]

Source:
/* */
#include <windows.h>
#include <winsock.h>
#include <ws2tcpip.h>
#include <winsock2.h>
#include <stdio.h>
#include <sys/stat.h>
#include <sys/types.h>
#include <sys/utime.h>
#include <arpa/tftp.h>


int main(void){return 0;}

Determining if files windows.h;winsock.h;ws2tcpip.h;winsock2.h;stdio.h;sys/stat.h;sys/types.h;sys/utime.h;assert.h;crypto.h exist failed with the following output:
Change Dir: C:/q2/q2rtx/build/CMakeFiles/CMakeTmp

Run Build Command(s):C:/Program Files (x86)/Microsoft Visual Studio/2019/Community/MSBuild/Current/Bin/MSBuild.exe cmTC_16f50.vcxproj /p:Configuration=Debug /p:Platform=x64 /p:VisualStudioVersion=16.0 /v:m 
Microsoft (R) Build Engine version 16.1.76+g14b0a930a7 for .NET Framework
Copyright (C) Microsoft Corporation. All rights reserved.

  Microsoft (R) C/C++ Optimizing Compiler Version 19.21.27702.2 for x64
  HAVE_CRYPTO_H.c
  Copyright (C) Microsoft Corporation.  All rights reserved.
  cl /c /Zi /W3 /WX- /diagnostics:column /Od /Ob0 /D WIN32 /D _WINDOWS /D _WINSOCKAPI_= /D "CMAKE_INTDIR=\"Debug\"" /D _MBCS /Gm- /RTC1 /MDd /GS /fp:precise /Zc:wchar_t /Zc:forScope /Zc:inline /Fo"cmTC_16f50.dir\Debug\\" /Fd"cmTC_16f50.dir\Debug\vc142.pdb" /Gd /TC /errorReport:queue C:\q2\q2rtx\build\CMakeFiles\CheckIncludeFiles\HAVE_CRYPTO_H.c
C:\q2\q2rtx\build\CMakeFiles\CheckIncludeFiles\HAVE_CRYPTO_H.c(11,10): error C1083:  Cannot open include file: 'crypto.h': No such file or directory [C:\q2\q2rtx\build\CMakeFiles\CMakeTmp\cmTC_16f50.vcxproj]

Source:
/* */
#include <windows.h>
#include <winsock.h>
#include <ws2tcpip.h>
#include <winsock2.h>
#include <stdio.h>
#include <sys/stat.h>
#include <sys/types.h>
#include <sys/utime.h>
#include <assert.h>
#include <crypto.h>


int main(void){return 0;}

Determining if files windows.h;winsock.h;ws2tcpip.h;winsock2.h;stdio.h;sys/stat.h;sys/types.h;sys/utime.h;assert.h;des.h exist failed with the following output:
Change Dir: C:/q2/q2rtx/build/CMakeFiles/CMakeTmp

Run Build Command(s):C:/Program Files (x86)/Microsoft Visual Studio/2019/Community/MSBuild/Current/Bin/MSBuild.exe cmTC_3f64b.vcxproj /p:Configuration=Debug /p:Platform=x64 /p:VisualStudioVersion=16.0 /v:m 
Microsoft (R) Build Engine version 16.1.76+g14b0a930a7 for .NET Framework
Copyright (C) Microsoft Corporation. All rights reserved.

  Microsoft (R) C/C++ Optimizing Compiler Version 19.21.27702.2 for x64
  HAVE_DES_H.c
  Copyright (C) Microsoft Corporation.  All rights reserved.
  cl /c /Zi /W3 /WX- /diagnostics:column /Od /Ob0 /D WIN32 /D _WINDOWS /D _WINSOCKAPI_= /D "CMAKE_INTDIR=\"Debug\"" /D _MBCS /Gm- /RTC1 /MDd /GS /fp:precise /Zc:wchar_t /Zc:forScope /Zc:inline /Fo"cmTC_3f64b.dir\Debug\\" /Fd"cmTC_3f64b.dir\Debug\vc142.pdb" /Gd /TC /errorReport:queue C:\q2\q2rtx\build\CMakeFiles\CheckIncludeFiles\HAVE_DES_H.c
C:\q2\q2rtx\build\CMakeFiles\CheckIncludeFiles\HAVE_DES_H.c(11,10): error C1083:  Cannot open include file: 'des.h': No such file or directory [C:\q2\q2rtx\build\CMakeFiles\CMakeTmp\cmTC_3f64b.vcxproj]

Source:
/* */
#include <windows.h>
#include <winsock.h>
#include <ws2tcpip.h>
#include <winsock2.h>
#include <stdio.h>
#include <sys/stat.h>
#include <sys/types.h>
#include <sys/utime.h>
#include <assert.h>
#include <des.h>


int main(void){return 0;}

Determining if files windows.h;winsock.h;ws2tcpip.h;winsock2.h;stdio.h;sys/stat.h;sys/types.h;sys/utime.h;assert.h;err.h exist failed with the following output:
Change Dir: C:/q2/q2rtx/build/CMakeFiles/CMakeTmp

Run Build Command(s):C:/Program Files (x86)/Microsoft Visual Studio/2019/Community/MSBuild/Current/Bin/MSBuild.exe cmTC_cf694.vcxproj /p:Configuration=Debug /p:Platform=x64 /p:VisualStudioVersion=16.0 /v:m 
Microsoft (R) Build Engine version 16.1.76+g14b0a930a7 for .NET Framework
Copyright (C) Microsoft Corporation. All rights reserved.

  Microsoft (R) C/C++ Optimizing Compiler Version 19.21.27702.2 for x64
  HAVE_ERR_H.c
  Copyright (C) Microsoft Corporation.  All rights reserved.
  cl /c /Zi /W3 /WX- /diagnostics:column /Od /Ob0 /D WIN32 /D _WINDOWS /D _WINSOCKAPI_= /D "CMAKE_INTDIR=\"Debug\"" /D _MBCS /Gm- /RTC1 /MDd /GS /fp:precise /Zc:wchar_t /Zc:forScope /Zc:inline /Fo"cmTC_cf694.dir\Debug\\" /Fd"cmTC_cf694.dir\Debug\vc142.pdb" /Gd /TC /errorReport:queue C:\q2\q2rtx\build\CMakeFiles\CheckIncludeFiles\HAVE_ERR_H.c
C:\q2\q2rtx\build\CMakeFiles\CheckIncludeFiles\HAVE_ERR_H.c(11,10): error C1083:  Cannot open include file: 'err.h': No such file or directory [C:\q2\q2rtx\build\CMakeFiles\CMakeTmp\cmTC_cf694.vcxproj]

Source:
/* */
#include <windows.h>
#include <winsock.h>
#include <ws2tcpip.h>
#include <winsock2.h>
#include <stdio.h>
#include <sys/stat.h>
#include <sys/types.h>
#include <sys/utime.h>
#include <assert.h>
#include <err.h>


int main(void){return 0;}

Determining if files windows.h;winsock.h;ws2tcpip.h;winsock2.h;stdio.h;sys/stat.h;sys/types.h;sys/utime.h;assert.h;errno.h;fcntl.h;idn2.h exist failed with the following output:
Change Dir: C:/q2/q2rtx/build/CMakeFiles/CMakeTmp

Run Build Command(s):C:/Program Files (x86)/Microsoft Visual Studio/2019/Community/MSBuild/Current/Bin/MSBuild.exe cmTC_d5047.vcxproj /p:Configuration=Debug /p:Platform=x64 /p:VisualStudioVersion=16.0 /v:m 
Microsoft (R) Build Engine version 16.1.76+g14b0a930a7 for .NET Framework
Copyright (C) Microsoft Corporation. All rights reserved.

  Microsoft (R) C/C++ Optimizing Compiler Version 19.21.27702.2 for x64
  HAVE_IDN2_H.c
  Copyright (C) Microsoft Corporation.  All rights reserved.
  cl /c /Zi /W3 /WX- /diagnostics:column /Od /Ob0 /D WIN32 /D _WINDOWS /D _WINSOCKAPI_= /D "CMAKE_INTDIR=\"Debug\"" /D _MBCS /Gm- /RTC1 /MDd /GS /fp:precise /Zc:wchar_t /Zc:forScope /Zc:inline /Fo"cmTC_d5047.dir\Debug\\" /Fd"cmTC_d5047.dir\Debug\vc142.pdb" /Gd /TC /errorReport:queue C:\q2\q2rtx\build\CMakeFiles\CheckIncludeFiles\HAVE_IDN2_H.c
C:\q2\q2rtx\build\CMakeFiles\CheckIncludeFiles\HAVE_IDN2_H.c(13,10): error C1083:  Cannot open include file: 'idn2.h': No such file or directory [C:\q2\q2rtx\build\CMakeFiles\CMakeTmp\cmTC_d5047.vcxproj]

Source:
/* */
#include <windows.h>
#include <winsock.h>
#include <ws2tcpip.h>
#include <winsock2.h>
#include <stdio.h>
#include <sys/stat.h>
#include <sys/types.h>
#include <sys/utime.h>
#include <assert.h>
#include <errno.h>
#include <fcntl.h>
#include <idn2.h>


int main(void){return 0;}

Determining if files windows.h;winsock.h;ws2tcpip.h;winsock2.h;stdio.h;sys/stat.h;sys/types.h;sys/utime.h;assert.h;errno.h;fcntl.h;ifaddrs.h exist failed with the following output:
Change Dir: C:/q2/q2rtx/build/CMakeFiles/CMakeTmp

Run Build Command(s):C:/Program Files (x86)/Microsoft Visual Studio/2019/Community/MSBuild/Current/Bin/MSBuild.exe cmTC_1bf73.vcxproj /p:Configuration=Debug /p:Platform=x64 /p:VisualStudioVersion=16.0 /v:m 
Microsoft (R) Build Engine version 16.1.76+g14b0a930a7 for .NET Framework
Copyright (C) Microsoft Corporation. All rights reserved.

  Microsoft (R) C/C++ Optimizing Compiler Version 19.21.27702.2 for x64
  HAVE_IFADDRS_H.c
  Copyright (C) Microsoft Corporation.  All rights reserved.
  cl /c /Zi /W3 /WX- /diagnostics:column /Od /Ob0 /D WIN32 /D _WINDOWS /D _WINSOCKAPI_= /D "CMAKE_INTDIR=\"Debug\"" /D _MBCS /Gm- /RTC1 /MDd /GS /fp:precise /Zc:wchar_t /Zc:forScope /Zc:inline /Fo"cmTC_1bf73.dir\Debug\\" /Fd"cmTC_1bf73.dir\Debug\vc142.pdb" /Gd /TC /errorReport:queue C:\q2\q2rtx\build\CMakeFiles\CheckIncludeFiles\HAVE_IFADDRS_H.c
C:\q2\q2rtx\build\CMakeFiles\CheckIncludeFiles\HAVE_IFADDRS_H.c(13,10): error C1083:  Cannot open include file: 'ifaddrs.h': No such file or directory [C:\q2\q2rtx\build\CMakeFiles\CMakeTmp\cmTC_1bf73.vcxproj]

Source:
/* */
#include <windows.h>
#include <winsock.h>
#include <ws2tcpip.h>
#include <winsock2.h>
#include <stdio.h>
#include <sys/stat.h>
#include <sys/types.h>
#include <sys/utime.h>
#include <assert.h>
#include <errno.h>
#include <fcntl.h>
#include <ifaddrs.h>


int main(void){return 0;}

Determining if files windows.h;winsock.h;ws2tcpip.h;winsock2.h;stdio.h;sys/stat.h;sys/types.h;sys/utime.h;assert.h;errno.h;fcntl.h;io.h;krb.h exist failed with the following output:
Change Dir: C:/q2/q2rtx/build/CMakeFiles/CMakeTmp

Run Build Command(s):C:/Program Files (x86)/Microsoft Visual Studio/2019/Community/MSBuild/Current/Bin/MSBuild.exe cmTC_4e2ff.vcxproj /p:Configuration=Debug /p:Platform=x64 /p:VisualStudioVersion=16.0 /v:m 
Microsoft (R) Build Engine version 16.1.76+g14b0a930a7 for .NET Framework
Copyright (C) Microsoft Corporation. All rights reserved.

  Microsoft (R) C/C++ Optimizing Compiler Version 19.21.27702.2 for x64
  HAVE_KRB_H.c
  Copyright (C) Microsoft Corporation.  All rights reserved.
  cl /c /Zi /W3 /WX- /diagnostics:column /Od /Ob0 /D WIN32 /D _WINDOWS /D _WINSOCKAPI_= /D "CMAKE_INTDIR=\"Debug\"" /D _MBCS /Gm- /RTC1 /MDd /GS /fp:precise /Zc:wchar_t /Zc:forScope /Zc:inline /Fo"cmTC_4e2ff.dir\Debug\\" /Fd"cmTC_4e2ff.dir\Debug\vc142.pdb" /Gd /TC /errorReport:queue C:\q2\q2rtx\build\CMakeFiles\CheckIncludeFiles\HAVE_KRB_H.c
C:\q2\q2rtx\build\CMakeFiles\CheckIncludeFiles\HAVE_KRB_H.c(14,10): error C1083:  Cannot open include file: 'krb.h': No such file or directory [C:\q2\q2rtx\build\CMakeFiles\CMakeTmp\cmTC_4e2ff.vcxproj]

Source:
/* */
#include <windows.h>
#include <winsock.h>
#include <ws2tcpip.h>
#include <winsock2.h>
#include <stdio.h>
#include <sys/stat.h>
#include <sys/types.h>
#include <sys/utime.h>
#include <assert.h>
#include <errno.h>
#include <fcntl.h>
#include <io.h>
#include <krb.h>


int main(void){return 0;}

Determining if files windows.h;winsock.h;ws2tcpip.h;winsock2.h;stdio.h;sys/stat.h;sys/types.h;sys/utime.h;assert.h;errno.h;fcntl.h;io.h;libgen.h exist failed with the following output:
Change Dir: C:/q2/q2rtx/build/CMakeFiles/CMakeTmp

Run Build Command(s):C:/Program Files (x86)/Microsoft Visual Studio/2019/Community/MSBuild/Current/Bin/MSBuild.exe cmTC_a91e9.vcxproj /p:Configuration=Debug /p:Platform=x64 /p:VisualStudioVersion=16.0 /v:m 
Microsoft (R) Build Engine version 16.1.76+g14b0a930a7 for .NET Framework
Copyright (C) Microsoft Corporation. All rights reserved.

  Microsoft (R) C/C++ Optimizing Compiler Version 19.21.27702.2 for x64
  HAVE_LIBGEN_H.c
  Copyright (C) Microsoft Corporation.  All rights reserved.
  cl /c /Zi /W3 /WX- /diagnostics:column /Od /Ob0 /D WIN32 /D _WINDOWS /D _WINSOCKAPI_= /D "CMAKE_INTDIR=\"Debug\"" /D _MBCS /Gm- /RTC1 /MDd /GS /fp:precise /Zc:wchar_t /Zc:forScope /Zc:inline /Fo"cmTC_a91e9.dir\Debug\\" /Fd"cmTC_a91e9.dir\Debug\vc142.pdb" /Gd /TC /errorReport:queue C:\q2\q2rtx\build\CMakeFiles\CheckIncludeFiles\HAVE_LIBGEN_H.c
C:\q2\q2rtx\build\CMakeFiles\CheckIncludeFiles\HAVE_LIBGEN_H.c(14,10): error C1083:  Cannot open include file: 'libgen.h': No such file or directory [C:\q2\q2rtx\build\CMakeFiles\CMakeTmp\cmTC_a91e9.vcxproj]

Source:
/* */
#include <windows.h>
#include <winsock.h>
#include <ws2tcpip.h>
#include <winsock2.h>
#include <stdio.h>
#include <sys/stat.h>
#include <sys/types.h>
#include <sys/utime.h>
#include <assert.h>
#include <errno.h>
#include <fcntl.h>
#include <io.h>
#include <libgen.h>


int main(void){return 0;}

Determining if files windows.h;winsock.h;ws2tcpip.h;winsock2.h;stdio.h;sys/stat.h;sys/types.h;sys/utime.h;assert.h;errno.h;fcntl.h;io.h;locale.h;netinet/tcp.h exist failed with the following output:
Change Dir: C:/q2/q2rtx/build/CMakeFiles/CMakeTmp

Run Build Command(s):C:/Program Files (x86)/Microsoft Visual Studio/2019/Community/MSBuild/Current/Bin/MSBuild.exe cmTC_3377c.vcxproj /p:Configuration=Debug /p:Platform=x64 /p:VisualStudioVersion=16.0 /v:m 
Microsoft (R) Build Engine version 16.1.76+g14b0a930a7 for .NET Framework
Copyright (C) Microsoft Corporation. All rights reserved.

  Microsoft (R) C/C++ Optimizing Compiler Version 19.21.27702.2 for x64
  HAVE_NETINET_TCP_H.c
  Copyright (C) Microsoft Corporation.  All rights reserved.
  cl /c /Zi /W3 /WX- /diagnostics:column /Od /Ob0 /D WIN32 /D _WINDOWS /D _WINSOCKAPI_= /D "CMAKE_INTDIR=\"Debug\"" /D _MBCS /Gm- /RTC1 /MDd /GS /fp:precise /Zc:wchar_t /Zc:forScope /Zc:inline /Fo"cmTC_3377c.dir\Debug\\" /Fd"cmTC_3377c.dir\Debug\vc142.pdb" /Gd /TC /errorReport:queue C:\q2\q2rtx\build\CMakeFiles\CheckIncludeFiles\HAVE_NETINET_TCP_H.c
C:\q2\q2rtx\build\CMakeFiles\CheckIncludeFiles\HAVE_NETINET_TCP_H.c(15,10): error C1083:  Cannot open include file: 'netinet/tcp.h': No such file or directory [C:\q2\q2rtx\build\CMakeFiles\CMakeTmp\cmTC_3377c.vcxproj]

Source:
/* */
#include <windows.h>
#include <winsock.h>
#include <ws2tcpip.h>
#include <winsock2.h>
#include <stdio.h>
#include <sys/stat.h>
#include <sys/types.h>
#include <sys/utime.h>
#include <assert.h>
#include <errno.h>
#include <fcntl.h>
#include <io.h>
#include <locale.h>
#include <netinet/tcp.h>


int main(void){return 0;}

Determining if files windows.h;winsock.h;ws2tcpip.h;winsock2.h;stdio.h;sys/stat.h;sys/types.h;sys/utime.h;assert.h;errno.h;fcntl.h;io.h;locale.h;pem.h exist failed with the following output:
Change Dir: C:/q2/q2rtx/build/CMakeFiles/CMakeTmp

Run Build Command(s):C:/Program Files (x86)/Microsoft Visual Studio/2019/Community/MSBuild/Current/Bin/MSBuild.exe cmTC_d13a9.vcxproj /p:Configuration=Debug /p:Platform=x64 /p:VisualStudioVersion=16.0 /v:m 
Microsoft (R) Build Engine version 16.1.76+g14b0a930a7 for .NET Framework
Copyright (C) Microsoft Corporation. All rights reserved.

  Microsoft (R) C/C++ Optimizing Compiler Version 19.21.27702.2 for x64
  HAVE_PEM_H.c
  Copyright (C) Microsoft Corporation.  All rights reserved.
  cl /c /Zi /W3 /WX- /diagnostics:column /Od /Ob0 /D WIN32 /D _WINDOWS /D _WINSOCKAPI_= /D "CMAKE_INTDIR=\"Debug\"" /D _MBCS /Gm- /RTC1 /MDd /GS /fp:precise /Zc:wchar_t /Zc:forScope /Zc:inline /Fo"cmTC_d13a9.dir\Debug\\" /Fd"cmTC_d13a9.dir\Debug\vc142.pdb" /Gd /TC /errorReport:queue C:\q2\q2rtx\build\CMakeFiles\CheckIncludeFiles\HAVE_PEM_H.c
C:\q2\q2rtx\build\CMakeFiles\CheckIncludeFiles\HAVE_PEM_H.c(15,10): error C1083:  Cannot open include file: 'pem.h': No such file or directory [C:\q2\q2rtx\build\CMakeFiles\CMakeTmp\cmTC_d13a9.vcxproj]

Source:
/* */
#include <windows.h>
#include <winsock.h>
#include <ws2tcpip.h>
#include <winsock2.h>
#include <stdio.h>
#include <sys/stat.h>
#include <sys/types.h>
#include <sys/utime.h>
#include <assert.h>
#include <errno.h>
#include <fcntl.h>
#include <io.h>
#include <locale.h>
#include <pem.h>


int main(void){return 0;}

Determining if files windows.h;winsock.h;ws2tcpip.h;winsock2.h;stdio.h;sys/stat.h;sys/types.h;sys/utime.h;assert.h;errno.h;fcntl.h;io.h;locale.h;poll.h exist failed with the following output:
Change Dir: C:/q2/q2rtx/build/CMakeFiles/CMakeTmp

Run Build Command(s):C:/Program Files (x86)/Microsoft Visual Studio/2019/Community/MSBuild/Current/Bin/MSBuild.exe cmTC_ad4f8.vcxproj /p:Configuration=Debug /p:Platform=x64 /p:VisualStudioVersion=16.0 /v:m 
Microsoft (R) Build Engine version 16.1.76+g14b0a930a7 for .NET Framework
Copyright (C) Microsoft Corporation. All rights reserved.

  Microsoft (R) C/C++ Optimizing Compiler Version 19.21.27702.2 for x64
  HAVE_POLL_H.c
  Copyright (C) Microsoft Corporation.  All rights reserved.
  cl /c /Zi /W3 /WX- /diagnostics:column /Od /Ob0 /D WIN32 /D _WINDOWS /D _WINSOCKAPI_= /D "CMAKE_INTDIR=\"Debug\"" /D _MBCS /Gm- /RTC1 /MDd /GS /fp:precise /Zc:wchar_t /Zc:forScope /Zc:inline /Fo"cmTC_ad4f8.dir\Debug\\" /Fd"cmTC_ad4f8.dir\Debug\vc142.pdb" /Gd /TC /errorReport:queue C:\q2\q2rtx\build\CMakeFiles\CheckIncludeFiles\HAVE_POLL_H.c
C:\q2\q2rtx\build\CMakeFiles\CheckIncludeFiles\HAVE_POLL_H.c(15,10): error C1083:  Cannot open include file: 'poll.h': No such file or directory [C:\q2\q2rtx\build\CMakeFiles\CMakeTmp\cmTC_ad4f8.vcxproj]

Source:
/* */
#include <windows.h>
#include <winsock.h>
#include <ws2tcpip.h>
#include <winsock2.h>
#include <stdio.h>
#include <sys/stat.h>
#include <sys/types.h>
#include <sys/utime.h>
#include <assert.h>
#include <errno.h>
#include <fcntl.h>
#include <io.h>
#include <locale.h>
#include <poll.h>


int main(void){return 0;}

Determining if files windows.h;winsock.h;ws2tcpip.h;winsock2.h;stdio.h;sys/stat.h;sys/types.h;sys/utime.h;assert.h;errno.h;fcntl.h;io.h;locale.h;rsa.h exist failed with the following output:
Change Dir: C:/q2/q2rtx/build/CMakeFiles/CMakeTmp

Run Build Command(s):C:/Program Files (x86)/Microsoft Visual Studio/2019/Community/MSBuild/Current/Bin/MSBuild.exe cmTC_4ff06.vcxproj /p:Configuration=Debug /p:Platform=x64 /p:VisualStudioVersion=16.0 /v:m 
Microsoft (R) Build Engine version 16.1.76+g14b0a930a7 for .NET Framework
Copyright (C) Microsoft Corporation. All rights reserved.

  Microsoft (R) C/C++ Optimizing Compiler Version 19.21.27702.2 for x64
  HAVE_RSA_H.c
  Copyright (C) Microsoft Corporation.  All rights reserved.
  cl /c /Zi /W3 /WX- /diagnostics:column /Od /Ob0 /D WIN32 /D _WINDOWS /D _WINSOCKAPI_= /D "CMAKE_INTDIR=\"Debug\"" /D _MBCS /Gm- /RTC1 /MDd /GS /fp:precise /Zc:wchar_t /Zc:forScope /Zc:inline /Fo"cmTC_4ff06.dir\Debug\\" /Fd"cmTC_4ff06.dir\Debug\vc142.pdb" /Gd /TC /errorReport:queue C:\q2\q2rtx\build\CMakeFiles\CheckIncludeFiles\HAVE_RSA_H.c
C:\q2\q2rtx\build\CMakeFiles\CheckIncludeFiles\HAVE_RSA_H.c(15,10): error C1083:  Cannot open include file: 'rsa.h': No such file or directory [C:\q2\q2rtx\build\CMakeFiles\CMakeTmp\cmTC_4ff06.vcxproj]

Source:
/* */
#include <windows.h>
#include <winsock.h>
#include <ws2tcpip.h>
#include <winsock2.h>
#include <stdio.h>
#include <sys/stat.h>
#include <sys/types.h>
#include <sys/utime.h>
#include <assert.h>
#include <errno.h>
#include <fcntl.h>
#include <io.h>
#include <locale.h>
#include <rsa.h>


int main(void){return 0;}

Determining if files windows.h;winsock.h;ws2tcpip.h;winsock2.h;stdio.h;sys/stat.h;sys/types.h;sys/utime.h;assert.h;errno.h;fcntl.h;io.h;locale.h;setjmp.h;signal.h;ssl.h exist failed with the following output:
Change Dir: C:/q2/q2rtx/build/CMakeFiles/CMakeTmp

Run Build Command(s):C:/Program Files (x86)/Microsoft Visual Studio/2019/Community/MSBuild/Current/Bin/MSBuild.exe cmTC_e3b1d.vcxproj /p:Configuration=Debug /p:Platform=x64 /p:VisualStudioVersion=16.0 /v:m 
Microsoft (R) Build Engine version 16.1.76+g14b0a930a7 for .NET Framework
Copyright (C) Microsoft Corporation. All rights reserved.

  Microsoft (R) C/C++ Optimizing Compiler Version 19.21.27702.2 for x64
  HAVE_SSL_H.c
  Copyright (C) Microsoft Corporation.  All rights reserved.
  cl /c /Zi /W3 /WX- /diagnostics:column /Od /Ob0 /D WIN32 /D _WINDOWS /D _WINSOCKAPI_= /D "CMAKE_INTDIR=\"Debug\"" /D _MBCS /Gm- /RTC1 /MDd /GS /fp:precise /Zc:wchar_t /Zc:forScope /Zc:inline /Fo"cmTC_e3b1d.dir\Debug\\" /Fd"cmTC_e3b1d.dir\Debug\vc142.pdb" /Gd /TC /errorReport:queue C:\q2\q2rtx\build\CMakeFiles\CheckIncludeFiles\HAVE_SSL_H.c
C:\q2\q2rtx\build\CMakeFiles\CheckIncludeFiles\HAVE_SSL_H.c(17,10): error C1083:  Cannot open include file: 'ssl.h': No such file or directory [C:\q2\q2rtx\build\CMakeFiles\CMakeTmp\cmTC_e3b1d.vcxproj]

Source:
/* */
#include <windows.h>
#include <winsock.h>
#include <ws2tcpip.h>
#include <winsock2.h>
#include <stdio.h>
#include <sys/stat.h>
#include <sys/types.h>
#include <sys/utime.h>
#include <assert.h>
#include <errno.h>
#include <fcntl.h>
#include <io.h>
#include <locale.h>
#include <setjmp.h>
#include <signal.h>
#include <ssl.h>


int main(void){return 0;}

Determining if files windows.h;winsock.h;ws2tcpip.h;winsock2.h;stdio.h;sys/stat.h;sys/types.h;sys/utime.h;assert.h;errno.h;fcntl.h;io.h;locale.h;setjmp.h;signal.h;stdbool.h;stdio.h;stdlib.h;string.h;stropts.h exist failed with the following output:
Change Dir: C:/q2/q2rtx/build/CMakeFiles/CMakeTmp

Run Build Command(s):C:/Program Files (x86)/Microsoft Visual Studio/2019/Community/MSBuild/Current/Bin/MSBuild.exe cmTC_d10bf.vcxproj /p:Configuration=Debug /p:Platform=x64 /p:VisualStudioVersion=16.0 /v:m 
Microsoft (R) Build Engine version 16.1.76+g14b0a930a7 for .NET Framework
Copyright (C) Microsoft Corporation. All rights reserved.

  Microsoft (R) C/C++ Optimizing Compiler Version 19.21.27702.2 for x64
  HAVE_STROPTS_H.c
  Copyright (C) Microsoft Corporation.  All rights reserved.
  cl /c /Zi /W3 /WX- /diagnostics:column /Od /Ob0 /D WIN32 /D _WINDOWS /D _WINSOCKAPI_= /D "CMAKE_INTDIR=\"Debug\"" /D _MBCS /Gm- /RTC1 /MDd /GS /fp:precise /Zc:wchar_t /Zc:forScope /Zc:inline /Fo"cmTC_d10bf.dir\Debug\\" /Fd"cmTC_d10bf.dir\Debug\vc142.pdb" /Gd /TC /errorReport:queue C:\q2\q2rtx\build\CMakeFiles\CheckIncludeFiles\HAVE_STROPTS_H.c
C:\q2\q2rtx\build\CMakeFiles\CheckIncludeFiles\HAVE_STROPTS_H.c(21,10): error C1083:  Cannot open include file: 'stropts.h': No such file or directory [C:\q2\q2rtx\build\CMakeFiles\CMakeTmp\cmTC_d10bf.vcxproj]

Source:
/* */
#include <windows.h>
#include <winsock.h>
#include <ws2tcpip.h>
#include <winsock2.h>
#include <stdio.h>
#include <sys/stat.h>
#include <sys/types.h>
#include <sys/utime.h>
#include <assert.h>
#include <errno.h>
#include <fcntl.h>
#include <io.h>
#include <locale.h>
#include <setjmp.h>
#include <signal.h>
#include <stdbool.h>
#include <stdio.h>
#include <stdlib.h>
#include <string.h>
#include <stropts.h>


int main(void){return 0;}

Determining if files windows.h;winsock.h;ws2tcpip.h;winsock2.h;stdio.h;sys/stat.h;sys/types.h;sys/utime.h;assert.h;errno.h;fcntl.h;io.h;locale.h;setjmp.h;signal.h;stdbool.h;stdio.h;stdlib.h;string.h;time.h;process.h;stddef.h;malloc.h;memory.h;sys/utsname.h exist failed with the following output:
Change Dir: C:/q2/q2rtx/build/CMakeFiles/CMakeTmp

Run Build Command(s):C:/Program Files (x86)/Microsoft Visual Studio/2019/Community/MSBuild/Current/Bin/MSBuild.exe cmTC_9c9ac.vcxproj /p:Configuration=Debug /p:Platform=x64 /p:VisualStudioVersion=16.0 /v:m 
Microsoft (R) Build Engine version 16.1.76+g14b0a930a7 for .NET Framework
Copyright (C) Microsoft Corporation. All rights reserved.

  Microsoft (R) C/C++ Optimizing Compiler Version 19.21.27702.2 for x64
  HAVE_SYS_UTSNAME_H.c
  Copyright (C) Microsoft Corporation.  All rights reserved.
  cl /c /Zi /W3 /WX- /diagnostics:column /Od /Ob0 /D WIN32 /D _WINDOWS /D _WINSOCKAPI_= /D "CMAKE_INTDIR=\"Debug\"" /D _MBCS /Gm- /RTC1 /MDd /GS /fp:precise /Zc:wchar_t /Zc:forScope /Zc:inline /Fo"cmTC_9c9ac.dir\Debug\\" /Fd"cmTC_9c9ac.dir\Debug\vc142.pdb" /Gd /TC /errorReport:queue C:\q2\q2rtx\build\CMakeFiles\CheckIncludeFiles\HAVE_SYS_UTSNAME_H.c
C:\q2\q2rtx\build\CMakeFiles\CheckIncludeFiles\HAVE_SYS_UTSNAME_H.c(26,10): error C1083:  Cannot open include file: 'sys/utsname.h': No such file or directory [C:\q2\q2rtx\build\CMakeFiles\CMakeTmp\cmTC_9c9ac.vcxproj]

Source:
/* */
#include <windows.h>
#include <winsock.h>
#include <ws2tcpip.h>
#include <winsock2.h>
#include <stdio.h>
#include <sys/stat.h>
#include <sys/types.h>
#include <sys/utime.h>
#include <assert.h>
#include <errno.h>
#include <fcntl.h>
#include <io.h>
#include <locale.h>
#include <setjmp.h>
#include <signal.h>
#include <stdbool.h>
#include <stdio.h>
#include <stdlib.h>
#include <string.h>
#include <time.h>
#include <process.h>
#include <stddef.h>
#include <malloc.h>
#include <memory.h>
#include <sys/utsname.h>


int main(void){return 0;}

Determining size of ssize_t failed with the following output:
Change Dir: C:/q2/q2rtx/build/CMakeFiles/CMakeTmp

Run Build Command(s):C:/Program Files (x86)/Microsoft Visual Studio/2019/Community/MSBuild/Current/Bin/MSBuild.exe cmTC_f9087.vcxproj /p:Configuration=Debug /p:Platform=x64 /p:VisualStudioVersion=16.0 /v:m 
Microsoft (R) Build Engine version 16.1.76+g14b0a930a7 for .NET Framework
Copyright (C) Microsoft Corporation. All rights reserved.

  Microsoft (R) C/C++ Optimizing Compiler Version 19.21.27702.2 for x64
  SIZEOF_SSIZE_T.c
  Copyright (C) Microsoft Corporation.  All rights reserved.
  cl /c /Zi /W3 /WX- /diagnostics:column /Od /Ob0 /D WIN32 /D _WINDOWS /D _WINSOCKAPI_= /D "CMAKE_INTDIR=\"Debug\"" /D _MBCS /Gm- /RTC1 /MDd /GS /fp:precise /Zc:wchar_t /Zc:forScope /Zc:inline /Fo"cmTC_f9087.dir\Debug\\" /Fd"cmTC_f9087.dir\Debug\vc142.pdb" /Gd /TC /errorReport:queue C:\q2\q2rtx\build\CMakeFiles\CheckTypeSize\SIZEOF_SSIZE_T.c
C:\q2\q2rtx\build\CMakeFiles\CheckTypeSize\SIZEOF_SSIZE_T.c(24,12): error C2065:  'ssize_t': undeclared identifier [C:\q2\q2rtx\build\CMakeFiles\CMakeTmp\cmTC_f9087.vcxproj]
C:\q2\q2rtx\build\CMakeFiles\CheckTypeSize\SIZEOF_SSIZE_T.c(25,12): error C2065:  'ssize_t': undeclared identifier [C:\q2\q2rtx\build\CMakeFiles\CMakeTmp\cmTC_f9087.vcxproj]
C:\q2\q2rtx\build\CMakeFiles\CheckTypeSize\SIZEOF_SSIZE_T.c(26,12): error C2065:  'ssize_t': undeclared identifier [C:\q2\q2rtx\build\CMakeFiles\CMakeTmp\cmTC_f9087.vcxproj]
C:\q2\q2rtx\build\CMakeFiles\CheckTypeSize\SIZEOF_SSIZE_T.c(27,12): error C2065:  'ssize_t': undeclared identifier [C:\q2\q2rtx\build\CMakeFiles\CMakeTmp\cmTC_f9087.vcxproj]
C:\q2\q2rtx\build\CMakeFiles\CheckTypeSize\SIZEOF_SSIZE_T.c(28,12): error C2065:  'ssize_t': undeclared identifier [C:\q2\q2rtx\build\CMakeFiles\CMakeTmp\cmTC_f9087.vcxproj]

C:/q2/q2rtx/build/CMakeFiles/CheckTypeSize/SIZEOF_SSIZE_T.c:
#include <sys/types.h>
#include <stddef.h>


#undef KEY
#if defined(__i386)
# define KEY '_','_','i','3','8','6'
#elif defined(__x86_64)
# define KEY '_','_','x','8','6','_','6','4'
#elif defined(__ppc__)
# define KEY '_','_','p','p','c','_','_'
#elif defined(__ppc64__)
# define KEY '_','_','p','p','c','6','4','_','_'
#elif defined(__aarch64__)
# define KEY '_','_','a','a','r','c','h','6','4','_','_'
#elif defined(__ARM_ARCH_7A__)
# define KEY '_','_','A','R','M','_','A','R','C','H','_','7','A','_','_'
#elif defined(__ARM_ARCH_7S__)
# define KEY '_','_','A','R','M','_','A','R','C','H','_','7','S','_','_'
#endif

#define SIZE (sizeof(ssize_t))
char info_size[] =  {'I', 'N', 'F', 'O', ':', 's','i','z','e','[',
  ('0' + ((SIZE / 10000)%10)),
  ('0' + ((SIZE / 1000)%10)),
  ('0' + ((SIZE / 100)%10)),
  ('0' + ((SIZE / 10)%10)),
  ('0' +  (SIZE    % 10)),
  ']',
#ifdef KEY
  ' ','k','e','y','[', KEY, ']',
#endif
  '\0'};

#ifdef __CLASSIC_C__
int main(argc, argv) int argc; char *argv[];
#else
int main(int argc, char *argv[])
#endif
{
  int require = 0;
  require += info_size[argc];
  (void)argv;
  return require;
}


Determining if the basename exist failed with the following output:
Change Dir: C:/q2/q2rtx/build/CMakeFiles/CMakeTmp

Run Build Command(s):C:/Program Files (x86)/Microsoft Visual Studio/2019/Community/MSBuild/Current/Bin/MSBuild.exe cmTC_4ff0c.vcxproj /p:Configuration=Debug /p:Platform=x64 /p:VisualStudioVersion=16.0 /v:m 
Microsoft (R) Build Engine version 16.1.76+g14b0a930a7 for .NET Framework
Copyright (C) Microsoft Corporation. All rights reserved.

  Microsoft (R) C/C++ Optimizing Compiler Version 19.21.27702.2 for x64
  CheckSymbolExists.c
  Copyright (C) Microsoft Corporation.  All rights reserved.
  cl /c /Zi /W3 /WX- /diagnostics:column /Od /Ob0 /D WIN32 /D _WINDOWS /D _WINSOCKAPI_= /D "CMAKE_INTDIR=\"Debug\"" /D _MBCS /Gm- /RTC1 /MDd /GS /fp:precise /Zc:wchar_t /Zc:forScope /Zc:inline /Fo"cmTC_4ff0c.dir\Debug\\" /Fd"cmTC_4ff0c.dir\Debug\vc142.pdb" /Gd /TC /errorReport:queue C:\q2\q2rtx\build\CMakeFiles\CMakeTmp\CheckSymbolExists.c
C:\q2\q2rtx\build\CMakeFiles\CMakeTmp\CheckSymbolExists.c(31,27): error C2065:  'basename': undeclared identifier [C:\q2\q2rtx\build\CMakeFiles\CMakeTmp\cmTC_4ff0c.vcxproj]

File C:/q2/q2rtx/build/CMakeFiles/CMakeTmp/CheckSymbolExists.c:
/* */
#include <windows.h>
#include <winsock.h>
#include <ws2tcpip.h>
#include <winsock2.h>
#include <stdio.h>
#include <sys/stat.h>
#include <sys/types.h>
#include <sys/utime.h>
#include <assert.h>
#include <errno.h>
#include <fcntl.h>
#include <io.h>
#include <locale.h>
#include <setjmp.h>
#include <signal.h>
#include <stdbool.h>
#include <stdio.h>
#include <stdlib.h>
#include <string.h>
#include <time.h>
#include <process.h>
#include <stddef.h>
#include <malloc.h>
#include <memory.h>

int main(int argc, char** argv)
{
  (void)argv;
#ifndef basename
  return ((int*)(&basename))[argc];
#else
  (void)argc;
  return 0;
#endif
}

Determining if the strncmpi exist failed with the following output:
Change Dir: C:/q2/q2rtx/build/CMakeFiles/CMakeTmp

Run Build Command(s):C:/Program Files (x86)/Microsoft Visual Studio/2019/Community/MSBuild/Current/Bin/MSBuild.exe cmTC_5b838.vcxproj /p:Configuration=Debug /p:Platform=x64 /p:VisualStudioVersion=16.0 /v:m 
Microsoft (R) Build Engine version 16.1.76+g14b0a930a7 for .NET Framework
Copyright (C) Microsoft Corporation. All rights reserved.

  Microsoft (R) C/C++ Optimizing Compiler Version 19.21.27702.2 for x64
  CheckSymbolExists.c
  Copyright (C) Microsoft Corporation.  All rights reserved.
  cl /c /Zi /W3 /WX- /diagnostics:column /Od /Ob0 /D WIN32 /D _WINDOWS /D _WINSOCKAPI_= /D "CMAKE_INTDIR=\"Debug\"" /D _MBCS /Gm- /RTC1 /MDd /GS /fp:precise /Zc:wchar_t /Zc:forScope /Zc:inline /Fo"cmTC_5b838.dir\Debug\\" /Fd"cmTC_5b838.dir\Debug\vc142.pdb" /Gd /TC /errorReport:queue C:\q2\q2rtx\build\CMakeFiles\CMakeTmp\CheckSymbolExists.c
C:\q2\q2rtx\build\CMakeFiles\CMakeTmp\CheckSymbolExists.c(31,27): error C2065:  'strncmpi': undeclared identifier [C:\q2\q2rtx\build\CMakeFiles\CMakeTmp\cmTC_5b838.vcxproj]

File C:/q2/q2rtx/build/CMakeFiles/CMakeTmp/CheckSymbolExists.c:
/* */
#include <windows.h>
#include <winsock.h>
#include <ws2tcpip.h>
#include <winsock2.h>
#include <stdio.h>
#include <sys/stat.h>
#include <sys/types.h>
#include <sys/utime.h>
#include <assert.h>
#include <errno.h>
#include <fcntl.h>
#include <io.h>
#include <locale.h>
#include <setjmp.h>
#include <signal.h>
#include <stdbool.h>
#include <stdio.h>
#include <stdlib.h>
#include <string.h>
#include <time.h>
#include <process.h>
#include <stddef.h>
#include <malloc.h>
#include <memory.h>

int main(int argc, char** argv)
{
  (void)argv;
#ifndef strncmpi
  return ((int*)(&strncmpi))[argc];
#else
  (void)argc;
  return 0;
#endif
}

Determining if the alarm exist failed with the following output:
Change Dir: C:/q2/q2rtx/build/CMakeFiles/CMakeTmp

Run Build Command(s):C:/Program Files (x86)/Microsoft Visual Studio/2019/Community/MSBuild/Current/Bin/MSBuild.exe cmTC_2436b.vcxproj /p:Configuration=Debug /p:Platform=x64 /p:VisualStudioVersion=16.0 /v:m 
Microsoft (R) Build Engine version 16.1.76+g14b0a930a7 for .NET Framework
Copyright (C) Microsoft Corporation. All rights reserved.

  Microsoft (R) C/C++ Optimizing Compiler Version 19.21.27702.2 for x64
  CheckSymbolExists.c
  Copyright (C) Microsoft Corporation.  All rights reserved.
  cl /c /Zi /W3 /WX- /diagnostics:column /Od /Ob0 /D WIN32 /D _WINDOWS /D _WINSOCKAPI_= /D "CMAKE_INTDIR=\"Debug\"" /D _MBCS /Gm- /RTC1 /MDd /GS /fp:precise /Zc:wchar_t /Zc:forScope /Zc:inline /Fo"cmTC_2436b.dir\Debug\\" /Fd"cmTC_2436b.dir\Debug\vc142.pdb" /Gd /TC /errorReport:queue C:\q2\q2rtx\build\CMakeFiles\CMakeTmp\CheckSymbolExists.c
C:\q2\q2rtx\build\CMakeFiles\CMakeTmp\CheckSymbolExists.c(31,24): error C2065:  'alarm': undeclared identifier [C:\q2\q2rtx\build\CMakeFiles\CMakeTmp\cmTC_2436b.vcxproj]

File C:/q2/q2rtx/build/CMakeFiles/CMakeTmp/CheckSymbolExists.c:
/* */
#include <windows.h>
#include <winsock.h>
#include <ws2tcpip.h>
#include <winsock2.h>
#include <stdio.h>
#include <sys/stat.h>
#include <sys/types.h>
#include <sys/utime.h>
#include <assert.h>
#include <errno.h>
#include <fcntl.h>
#include <io.h>
#include <locale.h>
#include <setjmp.h>
#include <signal.h>
#include <stdbool.h>
#include <stdio.h>
#include <stdlib.h>
#include <string.h>
#include <time.h>
#include <process.h>
#include <stddef.h>
#include <malloc.h>
#include <memory.h>

int main(int argc, char** argv)
{
  (void)argv;
#ifndef alarm
  return ((int*)(&alarm))[argc];
#else
  (void)argc;
  return 0;
#endif
}

Determining if the getpwuid_r exist failed with the following output:
Change Dir: C:/q2/q2rtx/build/CMakeFiles/CMakeTmp

Run Build Command(s):C:/Program Files (x86)/Microsoft Visual Studio/2019/Community/MSBuild/Current/Bin/MSBuild.exe cmTC_43a40.vcxproj /p:Configuration=Debug /p:Platform=x64 /p:VisualStudioVersion=16.0 /v:m 
Microsoft (R) Build Engine version 16.1.76+g14b0a930a7 for .NET Framework
Copyright (C) Microsoft Corporation. All rights reserved.

  Microsoft (R) C/C++ Optimizing Compiler Version 19.21.27702.2 for x64
  CheckSymbolExists.c
  Copyright (C) Microsoft Corporation.  All rights reserved.
  cl /c /Zi /W3 /WX- /diagnostics:column /Od /Ob0 /D WIN32 /D _WINDOWS /D _WINSOCKAPI_= /D "CMAKE_INTDIR=\"Debug\"" /D _MBCS /Gm- /RTC1 /MDd /GS /fp:precise /Zc:wchar_t /Zc:forScope /Zc:inline /Fo"cmTC_43a40.dir\Debug\\" /Fd"cmTC_43a40.dir\Debug\vc142.pdb" /Gd /TC /errorReport:queue C:\q2\q2rtx\build\CMakeFiles\CMakeTmp\CheckSymbolExists.c
C:\q2\q2rtx\build\CMakeFiles\CMakeTmp\CheckSymbolExists.c(31,29): error C2065:  'getpwuid_r': undeclared identifier [C:\q2\q2rtx\build\CMakeFiles\CMakeTmp\cmTC_43a40.vcxproj]

File C:/q2/q2rtx/build/CMakeFiles/CMakeTmp/CheckSymbolExists.c:
/* */
#include <windows.h>
#include <winsock.h>
#include <ws2tcpip.h>
#include <winsock2.h>
#include <stdio.h>
#include <sys/stat.h>
#include <sys/types.h>
#include <sys/utime.h>
#include <assert.h>
#include <errno.h>
#include <fcntl.h>
#include <io.h>
#include <locale.h>
#include <setjmp.h>
#include <signal.h>
#include <stdbool.h>
#include <stdio.h>
#include <stdlib.h>
#include <string.h>
#include <time.h>
#include <process.h>
#include <stddef.h>
#include <malloc.h>
#include <memory.h>

int main(int argc, char** argv)
{
  (void)argv;
#ifndef getpwuid_r
  return ((int*)(&getpwuid_r))[argc];
#else
  (void)argc;
  return 0;
#endif
}

Determining if the strerror_r exist failed with the following output:
Change Dir: C:/q2/q2rtx/build/CMakeFiles/CMakeTmp

Run Build Command(s):C:/Program Files (x86)/Microsoft Visual Studio/2019/Community/MSBuild/Current/Bin/MSBuild.exe cmTC_6f865.vcxproj /p:Configuration=Debug /p:Platform=x64 /p:VisualStudioVersion=16.0 /v:m 
Microsoft (R) Build Engine version 16.1.76+g14b0a930a7 for .NET Framework
Copyright (C) Microsoft Corporation. All rights reserved.

  Microsoft (R) C/C++ Optimizing Compiler Version 19.21.27702.2 for x64
  CheckSymbolExists.c
  Copyright (C) Microsoft Corporation.  All rights reserved.
  cl /c /Zi /W3 /WX- /diagnostics:column /Od /Ob0 /D WIN32 /D _WINDOWS /D _WINSOCKAPI_= /D "CMAKE_INTDIR=\"Debug\"" /D _MBCS /Gm- /RTC1 /MDd /GS /fp:precise /Zc:wchar_t /Zc:forScope /Zc:inline /Fo"cmTC_6f865.dir\Debug\\" /Fd"cmTC_6f865.dir\Debug\vc142.pdb" /Gd /TC /errorReport:queue C:\q2\q2rtx\build\CMakeFiles\CMakeTmp\CheckSymbolExists.c
C:\q2\q2rtx\build\CMakeFiles\CMakeTmp\CheckSymbolExists.c(31,29): error C2065:  'strerror_r': undeclared identifier [C:\q2\q2rtx\build\CMakeFiles\CMakeTmp\cmTC_6f865.vcxproj]

File C:/q2/q2rtx/build/CMakeFiles/CMakeTmp/CheckSymbolExists.c:
/* */
#include <windows.h>
#include <winsock.h>
#include <ws2tcpip.h>
#include <winsock2.h>
#include <stdio.h>
#include <sys/stat.h>
#include <sys/types.h>
#include <sys/utime.h>
#include <assert.h>
#include <errno.h>
#include <fcntl.h>
#include <io.h>
#include <locale.h>
#include <setjmp.h>
#include <signal.h>
#include <stdbool.h>
#include <stdio.h>
#include <stdlib.h>
#include <string.h>
#include <time.h>
#include <process.h>
#include <stddef.h>
#include <malloc.h>
#include <memory.h>

int main(int argc, char** argv)
{
  (void)argv;
#ifndef strerror_r
  return ((int*)(&strerror_r))[argc];
#else
  (void)argc;
  return 0;
#endif
}

Determining if the siginterrupt exist failed with the following output:
Change Dir: C:/q2/q2rtx/build/CMakeFiles/CMakeTmp

Run Build Command(s):C:/Program Files (x86)/Microsoft Visual Studio/2019/Community/MSBuild/Current/Bin/MSBuild.exe cmTC_d7958.vcxproj /p:Configuration=Debug /p:Platform=x64 /p:VisualStudioVersion=16.0 /v:m 
Microsoft (R) Build Engine version 16.1.76+g14b0a930a7 for .NET Framework
Copyright (C) Microsoft Corporation. All rights reserved.

  Microsoft (R) C/C++ Optimizing Compiler Version 19.21.27702.2 for x64
  CheckSymbolExists.c
  Copyright (C) Microsoft Corporation.  All rights reserved.
  cl /c /Zi /W3 /WX- /diagnostics:column /Od /Ob0 /D WIN32 /D _WINDOWS /D _WINSOCKAPI_= /D "CMAKE_INTDIR=\"Debug\"" /D _MBCS /Gm- /RTC1 /MDd /GS /fp:precise /Zc:wchar_t /Zc:forScope /Zc:inline /Fo"cmTC_d7958.dir\Debug\\" /Fd"cmTC_d7958.dir\Debug\vc142.pdb" /Gd /TC /errorReport:queue C:\q2\q2rtx\build\CMakeFiles\CMakeTmp\CheckSymbolExists.c
C:\q2\q2rtx\build\CMakeFiles\CMakeTmp\CheckSymbolExists.c(31,31): error C2065:  'siginterrupt': undeclared identifier [C:\q2\q2rtx\build\CMakeFiles\CMakeTmp\cmTC_d7958.vcxproj]

File C:/q2/q2rtx/build/CMakeFiles/CMakeTmp/CheckSymbolExists.c:
/* */
#include <windows.h>
#include <winsock.h>
#include <ws2tcpip.h>
#include <winsock2.h>
#include <stdio.h>
#include <sys/stat.h>
#include <sys/types.h>
#include <sys/utime.h>
#include <assert.h>
#include <errno.h>
#include <fcntl.h>
#include <io.h>
#include <locale.h>
#include <setjmp.h>
#include <signal.h>
#include <stdbool.h>
#include <stdio.h>
#include <stdlib.h>
#include <string.h>
#include <time.h>
#include <process.h>
#include <stddef.h>
#include <malloc.h>
#include <memory.h>

int main(int argc, char** argv)
{
  (void)argv;
#ifndef siginterrupt
  return ((int*)(&siginterrupt))[argc];
#else
  (void)argc;
  return 0;
#endif
}

Determining if the fork exist failed with the following output:
Change Dir: C:/q2/q2rtx/build/CMakeFiles/CMakeTmp

Run Build Command(s):C:/Program Files (x86)/Microsoft Visual Studio/2019/Community/MSBuild/Current/Bin/MSBuild.exe cmTC_2e6ee.vcxproj /p:Configuration=Debug /p:Platform=x64 /p:VisualStudioVersion=16.0 /v:m 
Microsoft (R) Build Engine version 16.1.76+g14b0a930a7 for .NET Framework
Copyright (C) Microsoft Corporation. All rights reserved.

  Microsoft (R) C/C++ Optimizing Compiler Version 19.21.27702.2 for x64
  CheckSymbolExists.c
  Copyright (C) Microsoft Corporation.  All rights reserved.
  cl /c /Zi /W3 /WX- /diagnostics:column /Od /Ob0 /D WIN32 /D _WINDOWS /D _WINSOCKAPI_= /D "CMAKE_INTDIR=\"Debug\"" /D _MBCS /Gm- /RTC1 /MDd /GS /fp:precise /Zc:wchar_t /Zc:forScope /Zc:inline /Fo"cmTC_2e6ee.dir\Debug\\" /Fd"cmTC_2e6ee.dir\Debug\vc142.pdb" /Gd /TC /errorReport:queue C:\q2\q2rtx\build\CMakeFiles\CMakeTmp\CheckSymbolExists.c
C:\q2\q2rtx\build\CMakeFiles\CMakeTmp\CheckSymbolExists.c(31,23): error C2065:  'fork': undeclared identifier [C:\q2\q2rtx\build\CMakeFiles\CMakeTmp\cmTC_2e6ee.vcxproj]

File C:/q2/q2rtx/build/CMakeFiles/CMakeTmp/CheckSymbolExists.c:
/* */
#include <windows.h>
#include <winsock.h>
#include <ws2tcpip.h>
#include <winsock2.h>
#include <stdio.h>
#include <sys/stat.h>
#include <sys/types.h>
#include <sys/utime.h>
#include <assert.h>
#include <errno.h>
#include <fcntl.h>
#include <io.h>
#include <locale.h>
#include <setjmp.h>
#include <signal.h>
#include <stdbool.h>
#include <stdio.h>
#include <stdlib.h>
#include <string.h>
#include <time.h>
#include <process.h>
#include <stddef.h>
#include <malloc.h>
#include <memory.h>

int main(int argc, char** argv)
{
  (void)argv;
#ifndef fork
  return ((int*)(&fork))[argc];
#else
  (void)argc;
  return 0;
#endif
}

Determining if the freeifaddrs exist failed with the following output:
Change Dir: C:/q2/q2rtx/build/CMakeFiles/CMakeTmp

Run Build Command(s):C:/Program Files (x86)/Microsoft Visual Studio/2019/Community/MSBuild/Current/Bin/MSBuild.exe cmTC_13305.vcxproj /p:Configuration=Debug /p:Platform=x64 /p:VisualStudioVersion=16.0 /v:m 
Microsoft (R) Build Engine version 16.1.76+g14b0a930a7 for .NET Framework
Copyright (C) Microsoft Corporation. All rights reserved.

  Microsoft (R) C/C++ Optimizing Compiler Version 19.21.27702.2 for x64
  CheckSymbolExists.c
  Copyright (C) Microsoft Corporation.  All rights reserved.
  cl /c /Zi /W3 /WX- /diagnostics:column /Od /Ob0 /D WIN32 /D _WINDOWS /D _WINSOCKAPI_= /D "CMAKE_INTDIR=\"Debug\"" /D _MBCS /Gm- /RTC1 /MDd /GS /fp:precise /Zc:wchar_t /Zc:forScope /Zc:inline /Fo"cmTC_13305.dir\Debug\\" /Fd"cmTC_13305.dir\Debug\vc142.pdb" /Gd /TC /errorReport:queue C:\q2\q2rtx\build\CMakeFiles\CMakeTmp\CheckSymbolExists.c
C:\q2\q2rtx\build\CMakeFiles\CMakeTmp\CheckSymbolExists.c(31,30): error C2065:  'freeifaddrs': undeclared identifier [C:\q2\q2rtx\build\CMakeFiles\CMakeTmp\cmTC_13305.vcxproj]

File C:/q2/q2rtx/build/CMakeFiles/CMakeTmp/CheckSymbolExists.c:
/* */
#include <windows.h>
#include <winsock.h>
#include <ws2tcpip.h>
#include <winsock2.h>
#include <stdio.h>
#include <sys/stat.h>
#include <sys/types.h>
#include <sys/utime.h>
#include <assert.h>
#include <errno.h>
#include <fcntl.h>
#include <io.h>
#include <locale.h>
#include <setjmp.h>
#include <signal.h>
#include <stdbool.h>
#include <stdio.h>
#include <stdlib.h>
#include <string.h>
#include <time.h>
#include <process.h>
#include <stddef.h>
#include <malloc.h>
#include <memory.h>

int main(int argc, char** argv)
{
  (void)argv;
#ifndef freeifaddrs
  return ((int*)(&freeifaddrs))[argc];
#else
  (void)argc;
  return 0;
#endif
}

Determining if the pipe exist failed with the following output:
Change Dir: C:/q2/q2rtx/build/CMakeFiles/CMakeTmp

Run Build Command(s):C:/Program Files (x86)/Microsoft Visual Studio/2019/Community/MSBuild/Current/Bin/MSBuild.exe cmTC_30f74.vcxproj /p:Configuration=Debug /p:Platform=x64 /p:VisualStudioVersion=16.0 /v:m 
Microsoft (R) Build Engine version 16.1.76+g14b0a930a7 for .NET Framework
Copyright (C) Microsoft Corporation. All rights reserved.

  Microsoft (R) C/C++ Optimizing Compiler Version 19.21.27702.2 for x64
  CheckSymbolExists.c
  Copyright (C) Microsoft Corporation.  All rights reserved.
  cl /c /Zi /W3 /WX- /diagnostics:column /Od /Ob0 /D WIN32 /D _WINDOWS /D _WINSOCKAPI_= /D "CMAKE_INTDIR=\"Debug\"" /D _MBCS /Gm- /RTC1 /MDd /GS /fp:precise /Zc:wchar_t /Zc:forScope /Zc:inline /Fo"cmTC_30f74.dir\Debug\\" /Fd"cmTC_30f74.dir\Debug\vc142.pdb" /Gd /TC /errorReport:queue C:\q2\q2rtx\build\CMakeFiles\CMakeTmp\CheckSymbolExists.c
C:\q2\q2rtx\build\CMakeFiles\CMakeTmp\CheckSymbolExists.c(31,23): error C2065:  'pipe': undeclared identifier [C:\q2\q2rtx\build\CMakeFiles\CMakeTmp\cmTC_30f74.vcxproj]

File C:/q2/q2rtx/build/CMakeFiles/CMakeTmp/CheckSymbolExists.c:
/* */
#include <windows.h>
#include <winsock.h>
#include <ws2tcpip.h>
#include <winsock2.h>
#include <stdio.h>
#include <sys/stat.h>
#include <sys/types.h>
#include <sys/utime.h>
#include <assert.h>
#include <errno.h>
#include <fcntl.h>
#include <io.h>
#include <locale.h>
#include <setjmp.h>
#include <signal.h>
#include <stdbool.h>
#include <stdio.h>
#include <stdlib.h>
#include <string.h>
#include <time.h>
#include <process.h>
#include <stddef.h>
#include <malloc.h>
#include <memory.h>

int main(int argc, char** argv)
{
  (void)argv;
#ifndef pipe
  return ((int*)(&pipe))[argc];
#else
  (void)argc;
  return 0;
#endif
}

Determining if the ftruncate exist failed with the following output:
Change Dir: C:/q2/q2rtx/build/CMakeFiles/CMakeTmp

Run Build Command(s):C:/Program Files (x86)/Microsoft Visual Studio/2019/Community/MSBuild/Current/Bin/MSBuild.exe cmTC_ea988.vcxproj /p:Configuration=Debug /p:Platform=x64 /p:VisualStudioVersion=16.0 /v:m 
Microsoft (R) Build Engine version 16.1.76+g14b0a930a7 for .NET Framework
Copyright (C) Microsoft Corporation. All rights reserved.

  Microsoft (R) C/C++ Optimizing Compiler Version 19.21.27702.2 for x64
  CheckSymbolExists.c
  Copyright (C) Microsoft Corporation.  All rights reserved.
  cl /c /Zi /W3 /WX- /diagnostics:column /Od /Ob0 /D WIN32 /D _WINDOWS /D _WINSOCKAPI_= /D "CMAKE_INTDIR=\"Debug\"" /D _MBCS /Gm- /RTC1 /MDd /GS /fp:precise /Zc:wchar_t /Zc:forScope /Zc:inline /Fo"cmTC_ea988.dir\Debug\\" /Fd"cmTC_ea988.dir\Debug\vc142.pdb" /Gd /TC /errorReport:queue C:\q2\q2rtx\build\CMakeFiles\CMakeTmp\CheckSymbolExists.c
C:\q2\q2rtx\build\CMakeFiles\CMakeTmp\CheckSymbolExists.c(31,28): error C2065:  'ftruncate': undeclared identifier [C:\q2\q2rtx\build\CMakeFiles\CMakeTmp\cmTC_ea988.vcxproj]

File C:/q2/q2rtx/build/CMakeFiles/CMakeTmp/CheckSymbolExists.c:
/* */
#include <windows.h>
#include <winsock.h>
#include <ws2tcpip.h>
#include <winsock2.h>
#include <stdio.h>
#include <sys/stat.h>
#include <sys/types.h>
#include <sys/utime.h>
#include <assert.h>
#include <errno.h>
#include <fcntl.h>
#include <io.h>
#include <locale.h>
#include <setjmp.h>
#include <signal.h>
#include <stdbool.h>
#include <stdio.h>
#include <stdlib.h>
#include <string.h>
#include <time.h>
#include <process.h>
#include <stddef.h>
#include <malloc.h>
#include <memory.h>

int main(int argc, char** argv)
{
  (void)argv;
#ifndef ftruncate
  return ((int*)(&ftruncate))[argc];
#else
  (void)argc;
  return 0;
#endif
}

Determining if the getrlimit exist failed with the following output:
Change Dir: C:/q2/q2rtx/build/CMakeFiles/CMakeTmp

Run Build Command(s):C:/Program Files (x86)/Microsoft Visual Studio/2019/Community/MSBuild/Current/Bin/MSBuild.exe cmTC_be38d.vcxproj /p:Configuration=Debug /p:Platform=x64 /p:VisualStudioVersion=16.0 /v:m 
Microsoft (R) Build Engine version 16.1.76+g14b0a930a7 for .NET Framework
Copyright (C) Microsoft Corporation. All rights reserved.

  Microsoft (R) C/C++ Optimizing Compiler Version 19.21.27702.2 for x64
  CheckSymbolExists.c
  Copyright (C) Microsoft Corporation.  All rights reserved.
  cl /c /Zi /W3 /WX- /diagnostics:column /Od /Ob0 /D WIN32 /D _WINDOWS /D _WINSOCKAPI_= /D "CMAKE_INTDIR=\"Debug\"" /D _MBCS /Gm- /RTC1 /MDd /GS /fp:precise /Zc:wchar_t /Zc:forScope /Zc:inline /Fo"cmTC_be38d.dir\Debug\\" /Fd"cmTC_be38d.dir\Debug\vc142.pdb" /Gd /TC /errorReport:queue C:\q2\q2rtx\build\CMakeFiles\CMakeTmp\CheckSymbolExists.c
C:\q2\q2rtx\build\CMakeFiles\CMakeTmp\CheckSymbolExists.c(31,28): error C2065:  'getrlimit': undeclared identifier [C:\q2\q2rtx\build\CMakeFiles\CMakeTmp\cmTC_be38d.vcxproj]

File C:/q2/q2rtx/build/CMakeFiles/CMakeTmp/CheckSymbolExists.c:
/* */
#include <windows.h>
#include <winsock.h>
#include <ws2tcpip.h>
#include <winsock2.h>
#include <stdio.h>
#include <sys/stat.h>
#include <sys/types.h>
#include <sys/utime.h>
#include <assert.h>
#include <errno.h>
#include <fcntl.h>
#include <io.h>
#include <locale.h>
#include <setjmp.h>
#include <signal.h>
#include <stdbool.h>
#include <stdio.h>
#include <stdlib.h>
#include <string.h>
#include <time.h>
#include <process.h>
#include <stddef.h>
#include <malloc.h>
#include <memory.h>

int main(int argc, char** argv)
{
  (void)argv;
#ifndef getrlimit
  return ((int*)(&getrlimit))[argc];
#else
  (void)argc;
  return 0;
#endif
}

Determining if the setrlimit exist failed with the following output:
Change Dir: C:/q2/q2rtx/build/CMakeFiles/CMakeTmp

Run Build Command(s):C:/Program Files (x86)/Microsoft Visual Studio/2019/Community/MSBuild/Current/Bin/MSBuild.exe cmTC_3d5d1.vcxproj /p:Configuration=Debug /p:Platform=x64 /p:VisualStudioVersion=16.0 /v:m 
Microsoft (R) Build Engine version 16.1.76+g14b0a930a7 for .NET Framework
Copyright (C) Microsoft Corporation. All rights reserved.

  Microsoft (R) C/C++ Optimizing Compiler Version 19.21.27702.2 for x64
  CheckSymbolExists.c
  Copyright (C) Microsoft Corporation.  All rights reserved.
  cl /c /Zi /W3 /WX- /diagnostics:column /Od /Ob0 /D WIN32 /D _WINDOWS /D _WINSOCKAPI_= /D "CMAKE_INTDIR=\"Debug\"" /D _MBCS /Gm- /RTC1 /MDd /GS /fp:precise /Zc:wchar_t /Zc:forScope /Zc:inline /Fo"cmTC_3d5d1.dir\Debug\\" /Fd"cmTC_3d5d1.dir\Debug\vc142.pdb" /Gd /TC /errorReport:queue C:\q2\q2rtx\build\CMakeFiles\CMakeTmp\CheckSymbolExists.c
C:\q2\q2rtx\build\CMakeFiles\CMakeTmp\CheckSymbolExists.c(31,28): error C2065:  'setrlimit': undeclared identifier [C:\q2\q2rtx\build\CMakeFiles\CMakeTmp\cmTC_3d5d1.vcxproj]

File C:/q2/q2rtx/build/CMakeFiles/CMakeTmp/CheckSymbolExists.c:
/* */
#include <windows.h>
#include <winsock.h>
#include <ws2tcpip.h>
#include <winsock2.h>
#include <stdio.h>
#include <sys/stat.h>
#include <sys/types.h>
#include <sys/utime.h>
#include <assert.h>
#include <errno.h>
#include <fcntl.h>
#include <io.h>
#include <locale.h>
#include <setjmp.h>
#include <signal.h>
#include <stdbool.h>
#include <stdio.h>
#include <stdlib.h>
#include <string.h>
#include <time.h>
#include <process.h>
#include <stddef.h>
#include <malloc.h>
#include <memory.h>

int main(int argc, char** argv)
{
  (void)argv;
#ifndef setrlimit
  return ((int*)(&setrlimit))[argc];
#else
  (void)argc;
  return 0;
#endif
}

Determining if the fcntl exist failed with the following output:
Change Dir: C:/q2/q2rtx/build/CMakeFiles/CMakeTmp

Run Build Command(s):C:/Program Files (x86)/Microsoft Visual Studio/2019/Community/MSBuild/Current/Bin/MSBuild.exe cmTC_5d9ce.vcxproj /p:Configuration=Debug /p:Platform=x64 /p:VisualStudioVersion=16.0 /v:m 
Microsoft (R) Build Engine version 16.1.76+g14b0a930a7 for .NET Framework
Copyright (C) Microsoft Corporation. All rights reserved.

  Microsoft (R) C/C++ Optimizing Compiler Version 19.21.27702.2 for x64
  CheckSymbolExists.c
  Copyright (C) Microsoft Corporation.  All rights reserved.
  cl /c /Zi /W3 /WX- /diagnostics:column /Od /Ob0 /D WIN32 /D _WINDOWS /D _WINSOCKAPI_= /D "CMAKE_INTDIR=\"Debug\"" /D _MBCS /Gm- /RTC1 /MDd /GS /fp:precise /Zc:wchar_t /Zc:forScope /Zc:inline /Fo"cmTC_5d9ce.dir\Debug\\" /Fd"cmTC_5d9ce.dir\Debug\vc142.pdb" /Gd /TC /errorReport:queue C:\q2\q2rtx\build\CMakeFiles\CMakeTmp\CheckSymbolExists.c
C:\q2\q2rtx\build\CMakeFiles\CMakeTmp\CheckSymbolExists.c(31,24): error C2065:  'fcntl': undeclared identifier [C:\q2\q2rtx\build\CMakeFiles\CMakeTmp\cmTC_5d9ce.vcxproj]

File C:/q2/q2rtx/build/CMakeFiles/CMakeTmp/CheckSymbolExists.c:
/* */
#include <windows.h>
#include <winsock.h>
#include <ws2tcpip.h>
#include <winsock2.h>
#include <stdio.h>
#include <sys/stat.h>
#include <sys/types.h>
#include <sys/utime.h>
#include <assert.h>
#include <errno.h>
#include <fcntl.h>
#include <io.h>
#include <locale.h>
#include <setjmp.h>
#include <signal.h>
#include <stdbool.h>
#include <stdio.h>
#include <stdlib.h>
#include <string.h>
#include <time.h>
#include <process.h>
#include <stddef.h>
#include <malloc.h>
#include <memory.h>

int main(int argc, char** argv)
{
  (void)argv;
#ifndef fcntl
  return ((int*)(&fcntl))[argc];
#else
  (void)argc;
  return 0;
#endif
}

Determining if the ioctl exist failed with the following output:
Change Dir: C:/q2/q2rtx/build/CMakeFiles/CMakeTmp

Run Build Command(s):C:/Program Files (x86)/Microsoft Visual Studio/2019/Community/MSBuild/Current/Bin/MSBuild.exe cmTC_9deed.vcxproj /p:Configuration=Debug /p:Platform=x64 /p:VisualStudioVersion=16.0 /v:m 
Microsoft (R) Build Engine version 16.1.76+g14b0a930a7 for .NET Framework
Copyright (C) Microsoft Corporation. All rights reserved.

  Microsoft (R) C/C++ Optimizing Compiler Version 19.21.27702.2 for x64
  CheckSymbolExists.c
  Copyright (C) Microsoft Corporation.  All rights reserved.
  cl /c /Zi /W3 /WX- /diagnostics:column /Od /Ob0 /D WIN32 /D _WINDOWS /D _WINSOCKAPI_= /D "CMAKE_INTDIR=\"Debug\"" /D _MBCS /Gm- /RTC1 /MDd /GS /fp:precise /Zc:wchar_t /Zc:forScope /Zc:inline /Fo"cmTC_9deed.dir\Debug\\" /Fd"cmTC_9deed.dir\Debug\vc142.pdb" /Gd /TC /errorReport:queue C:\q2\q2rtx\build\CMakeFiles\CMakeTmp\CheckSymbolExists.c
C:\q2\q2rtx\build\CMakeFiles\CMakeTmp\CheckSymbolExists.c(31,24): error C2065:  'ioctl': undeclared identifier [C:\q2\q2rtx\build\CMakeFiles\CMakeTmp\cmTC_9deed.vcxproj]

File C:/q2/q2rtx/build/CMakeFiles/CMakeTmp/CheckSymbolExists.c:
/* */
#include <windows.h>
#include <winsock.h>
#include <ws2tcpip.h>
#include <winsock2.h>
#include <stdio.h>
#include <sys/stat.h>
#include <sys/types.h>
#include <sys/utime.h>
#include <assert.h>
#include <errno.h>
#include <fcntl.h>
#include <io.h>
#include <locale.h>
#include <setjmp.h>
#include <signal.h>
#include <stdbool.h>
#include <stdio.h>
#include <stdlib.h>
#include <string.h>
#include <time.h>
#include <process.h>
#include <stddef.h>
#include <malloc.h>
#include <memory.h>

int main(int argc, char** argv)
{
  (void)argv;
#ifndef ioctl
  return ((int*)(&ioctl))[argc];
#else
  (void)argc;
  return 0;
#endif
}

Determining if the function mach_absolute_time exists failed with the following output:
Change Dir: C:/q2/q2rtx/build/CMakeFiles/CMakeTmp

Run Build Command(s):C:/Program Files (x86)/Microsoft Visual Studio/2019/Community/MSBuild/Current/Bin/MSBuild.exe cmTC_007af.vcxproj /p:Configuration=Debug /p:Platform=x64 /p:VisualStudioVersion=16.0 /v:m 
Microsoft (R) Build Engine version 16.1.76+g14b0a930a7 for .NET Framework
Copyright (C) Microsoft Corporation. All rights reserved.

  Microsoft (R) C/C++ Optimizing Compiler Version 19.21.27702.2 for x64
  CheckFunctionExists.c
  Copyright (C) Microsoft Corporation.  All rights reserved.
  cl /c /Zi /W3 /WX- /diagnostics:column /Od /Ob0 /D WIN32 /D _WINDOWS /D CHECK_FUNCTION_EXISTS=mach_absolute_time /D _WINSOCKAPI_= /D "CMAKE_INTDIR=\"Debug\"" /D _MBCS /Gm- /RTC1 /MDd /GS /fp:precise /Zc:wchar_t /Zc:forScope /Zc:inline /Fo"cmTC_007af.dir\Debug\\" /Fd"cmTC_007af.dir\Debug\vc142.pdb" /Gd /TC /errorReport:queue "C:\Program Files\CMake\share\cmake-3.14\Modules\CheckFunctionExists.c"
CheckFunctionExists.obj : error LNK2019: unresolved external symbol mach_absolute_time referenced in function main [C:\q2\q2rtx\build\CMakeFiles\CMakeTmp\cmTC_007af.vcxproj]
C:\q2\q2rtx\build\CMakeFiles\CMakeTmp\Debug\cmTC_007af.exe : fatal error LNK1120: 1 unresolved externals [C:\q2\q2rtx\build\CMakeFiles\CMakeTmp\cmTC_007af.vcxproj]


Determining if the fsetxattr exist failed with the following output:
Change Dir: C:/q2/q2rtx/build/CMakeFiles/CMakeTmp

Run Build Command(s):C:/Program Files (x86)/Microsoft Visual Studio/2019/Community/MSBuild/Current/Bin/MSBuild.exe cmTC_a1990.vcxproj /p:Configuration=Debug /p:Platform=x64 /p:VisualStudioVersion=16.0 /v:m 
Microsoft (R) Build Engine version 16.1.76+g14b0a930a7 for .NET Framework
Copyright (C) Microsoft Corporation. All rights reserved.

  Microsoft (R) C/C++ Optimizing Compiler Version 19.21.27702.2 for x64
  CheckSymbolExists.c
  Copyright (C) Microsoft Corporation.  All rights reserved.
  cl /c /Zi /W3 /WX- /diagnostics:column /Od /Ob0 /D WIN32 /D _WINDOWS /D _WINSOCKAPI_= /D "CMAKE_INTDIR=\"Debug\"" /D _MBCS /Gm- /RTC1 /MDd /GS /fp:precise /Zc:wchar_t /Zc:forScope /Zc:inline /Fo"cmTC_a1990.dir\Debug\\" /Fd"cmTC_a1990.dir\Debug\vc142.pdb" /Gd /TC /errorReport:queue C:\q2\q2rtx\build\CMakeFiles\CMakeTmp\CheckSymbolExists.c
C:\q2\q2rtx\build\CMakeFiles\CMakeTmp\CheckSymbolExists.c(31,28): error C2065:  'fsetxattr': undeclared identifier [C:\q2\q2rtx\build\CMakeFiles\CMakeTmp\cmTC_a1990.vcxproj]

File C:/q2/q2rtx/build/CMakeFiles/CMakeTmp/CheckSymbolExists.c:
/* */
#include <windows.h>
#include <winsock.h>
#include <ws2tcpip.h>
#include <winsock2.h>
#include <stdio.h>
#include <sys/stat.h>
#include <sys/types.h>
#include <sys/utime.h>
#include <assert.h>
#include <errno.h>
#include <fcntl.h>
#include <io.h>
#include <locale.h>
#include <setjmp.h>
#include <signal.h>
#include <stdbool.h>
#include <stdio.h>
#include <stdlib.h>
#include <string.h>
#include <time.h>
#include <process.h>
#include <stddef.h>
#include <malloc.h>
#include <memory.h>

int main(int argc, char** argv)
{
  (void)argv;
#ifndef fsetxattr
  return ((int*)(&fsetxattr))[argc];
#else
  (void)argc;
  return 0;
#endif
}

Performing Curl Test HAVE_FCNTL_O_NONBLOCK failed with the following output:
Change Dir: C:/q2/q2rtx/build/CMakeFiles/CMakeTmp

Run Build Command(s):C:/Program Files (x86)/Microsoft Visual Studio/2019/Community/MSBuild/Current/Bin/MSBuild.exe cmTC_636a5.vcxproj /p:Configuration=Debug /p:Platform=x64 /p:VisualStudioVersion=16.0 /v:m 
Microsoft (R) Build Engine version 16.1.76+g14b0a930a7 for .NET Framework
Copyright (C) Microsoft Corporation. All rights reserved.

  Microsoft (R) C/C++ Optimizing Compiler Version 19.21.27702.2 for x64
  CurlTests.c
  Copyright (C) Microsoft Corporation.  All rights reserved.
  cl /c /Zi /W3 /WX- /diagnostics:column /Od /Ob0 /D WIN32 /D _WINDOWS /D HAVE_FCNTL_O_NONBLOCK /D HAVE_WINDOWS_H /D HAVE_WINSOCK_H /D HAVE_WS2TCPIP_H /D HAVE_WINSOCK2_H /D HAVE_STDIO_H /D HAVE_SYS_STAT_H /D HAVE_SYS_TYPES_H /D HAVE_SYS_UTIME_H /D HAVE_ASSERT_H /D HAVE_ERRNO_H /D HAVE_FCNTL_H /D HAVE_IO_H /D HAVE_LOCALE_H /D HAVE_SETJMP_H /D HAVE_SIGNAL_H /D HAVE_STDBOOL_H /D HAVE_STDLIB_H /D HAVE_STRING_H /D HAVE_TIME_H /D HAVE_PROCESS_H /D HAVE_STDDEF_H /D HAVE_MALLOC_H /D HAVE_MEMORY_H /D "CMAKE_INTDIR=\"Debug\"" /D _MBCS /Gm- /RTC1 /MDd /GS /fp:precise /Zc:wchar_t /Zc:forScope /Zc:inline /Fo"cmTC_636a5.dir\Debug\\" /Fd"cmTC_636a5.dir\Debug\vc142.pdb" /Gd /TC /errorReport:queue C:\q2\q2rtx\extern\curl\CMake\CurlTests.c
C:\q2\q2rtx\extern\curl\CMake\CurlTests.c(44,10): error C1083:  Cannot open include file: 'unistd.h': No such file or directory [C:\q2\q2rtx\build\CMakeFiles\CMakeTmp\cmTC_636a5.vcxproj]

Performing Curl Test HAVE_IOCTLSOCKET_CAMEL failed with the following output:
Change Dir: C:/q2/q2rtx/build/CMakeFiles/CMakeTmp

Run Build Command(s):C:/Program Files (x86)/Microsoft Visual Studio/2019/Community/MSBuild/Current/Bin/MSBuild.exe cmTC_5f822.vcxproj /p:Configuration=Debug /p:Platform=x64 /p:VisualStudioVersion=16.0 /v:m 
Microsoft (R) Build Engine version 16.1.76+g14b0a930a7 for .NET Framework
Copyright (C) Microsoft Corporation. All rights reserved.

  Microsoft (R) C/C++ Optimizing Compiler Version 19.21.27702.2 for x64
  CurlTests.c
  Copyright (C) Microsoft Corporation.  All rights reserved.
  cl /c /Zi /W3 /WX- /diagnostics:column /Od /Ob0 /D WIN32 /D _WINDOWS /D HAVE_IOCTLSOCKET_CAMEL /D HAVE_WINDOWS_H /D HAVE_WINSOCK_H /D HAVE_WS2TCPIP_H /D HAVE_WINSOCK2_H /D HAVE_STDIO_H /D HAVE_SYS_STAT_H /D HAVE_SYS_TYPES_H /D HAVE_SYS_UTIME_H /D HAVE_ASSERT_H /D HAVE_ERRNO_H /D HAVE_FCNTL_H /D HAVE_IO_H /D HAVE_LOCALE_H /D HAVE_SETJMP_H /D HAVE_SIGNAL_H /D HAVE_STDBOOL_H /D HAVE_STDLIB_H /D HAVE_STRING_H /D HAVE_TIME_H /D HAVE_PROCESS_H /D HAVE_STDDEF_H /D HAVE_MALLOC_H /D HAVE_MEMORY_H /D "CMAKE_INTDIR=\"Debug\"" /D _MBCS /Gm- /RTC1 /MDd /GS /fp:precise /Zc:wchar_t /Zc:forScope /Zc:inline /Fo"cmTC_5f822.dir\Debug\\" /Fd"cmTC_5f822.dir\Debug\vc142.pdb" /Gd /TC /errorReport:queue C:\q2\q2rtx\extern\curl\CMake\CurlTests.c
C:\q2\q2rtx\extern\curl\CMake\CurlTests.c(352,24): warning C4013:  'IoctlSocket' undefined; assuming extern returning int [C:\q2\q2rtx\build\CMakeFiles\CMakeTmp\cmTC_5f822.vcxproj]
CurlTests.obj : error LNK2019: unresolved external symbol IoctlSocket referenced in function main [C:\q2\q2rtx\build\CMakeFiles\CMakeTmp\cmTC_5f822.vcxproj]
C:\q2\q2rtx\build\CMakeFiles\CMakeTmp\Debug\cmTC_5f822.exe : fatal error LNK1120: 1 unresolved externals [C:\q2\q2rtx\build\CMakeFiles\CMakeTmp\cmTC_5f822.vcxproj]

Performing Curl Test HAVE_IOCTL_FIONBIO failed with the following output:
Change Dir: C:/q2/q2rtx/build/CMakeFiles/CMakeTmp

Run Build Command(s):C:/Program Files (x86)/Microsoft Visual Studio/2019/Community/MSBuild/Current/Bin/MSBuild.exe cmTC_5ccea.vcxproj /p:Configuration=Debug /p:Platform=x64 /p:VisualStudioVersion=16.0 /v:m 
Microsoft (R) Build Engine version 16.1.76+g14b0a930a7 for .NET Framework
Copyright (C) Microsoft Corporation. All rights reserved.

  Microsoft (R) C/C++ Optimizing Compiler Version 19.21.27702.2 for x64
  CurlTests.c
  Copyright (C) Microsoft Corporation.  All rights reserved.
  cl /c /Zi /W3 /WX- /diagnostics:column /Od /Ob0 /D WIN32 /D _WINDOWS /D HAVE_IOCTL_FIONBIO /D HAVE_WINDOWS_H /D HAVE_WINSOCK_H /D HAVE_WS2TCPIP_H /D HAVE_WINSOCK2_H /D HAVE_STDIO_H /D HAVE_SYS_STAT_H /D HAVE_SYS_TYPES_H /D HAVE_SYS_UTIME_H /D HAVE_ASSERT_H /D HAVE_ERRNO_H /D HAVE_FCNTL_H /D HAVE_IO_H /D HAVE_LOCALE_H /D HAVE_SETJMP_H /D HAVE_SIGNAL_H /D HAVE_STDBOOL_H /D HAVE_STDLIB_H /D HAVE_STRING_H /D HAVE_TIME_H /D HAVE_PROCESS_H /D HAVE_STDDEF_H /D HAVE_MALLOC_H /D HAVE_MEMORY_H /D "CMAKE_INTDIR=\"Debug\"" /D _MBCS /Gm- /RTC1 /MDd /GS /fp:precise /Zc:wchar_t /Zc:forScope /Zc:inline /Fo"cmTC_5ccea.dir\Debug\\" /Fd"cmTC_5ccea.dir\Debug\vc142.pdb" /Gd /TC /errorReport:queue C:\q2\q2rtx\extern\curl\CMake\CurlTests.c
C:\q2\q2rtx\extern\curl\CMake\CurlTests.c(438,22): warning C4013:  'ioctl' undefined; assuming extern returning int [C:\q2\q2rtx\build\CMakeFiles\CMakeTmp\cmTC_5ccea.vcxproj]
C:\q2\q2rtx\extern\curl\CMake\CurlTests.c(438,33): error C2065:  'FIONBIO': undeclared identifier [C:\q2\q2rtx\build\CMakeFiles\CMakeTmp\cmTC_5ccea.vcxproj]

Performing Curl Test HAVE_IOCTL_SIOCGIFADDR failed with the following output:
Change Dir: C:/q2/q2rtx/build/CMakeFiles/CMakeTmp

Run Build Command(s):C:/Program Files (x86)/Microsoft Visual Studio/2019/Community/MSBuild/Current/Bin/MSBuild.exe cmTC_bf3b3.vcxproj /p:Configuration=Debug /p:Platform=x64 /p:VisualStudioVersion=16.0 /v:m 
Microsoft (R) Build Engine version 16.1.76+g14b0a930a7 for .NET Framework
Copyright (C) Microsoft Corporation. All rights reserved.

  Microsoft (R) C/C++ Optimizing Compiler Version 19.21.27702.2 for x64
  CurlTests.c
  Copyright (C) Microsoft Corporation.  All rights reserved.
  cl /c /Zi /W3 /WX- /diagnostics:column /Od /Ob0 /D WIN32 /D _WINDOWS /D HAVE_IOCTL_SIOCGIFADDR /D HAVE_WINDOWS_H /D HAVE_WINSOCK_H /D HAVE_WS2TCPIP_H /D HAVE_WINSOCK2_H /D HAVE_STDIO_H /D HAVE_SYS_STAT_H /D HAVE_SYS_TYPES_H /D HAVE_SYS_UTIME_H /D HAVE_ASSERT_H /D HAVE_ERRNO_H /D HAVE_FCNTL_H /D HAVE_IO_H /D HAVE_LOCALE_H /D HAVE_SETJMP_H /D HAVE_SIGNAL_H /D HAVE_STDBOOL_H /D HAVE_STDLIB_H /D HAVE_STRING_H /D HAVE_TIME_H /D HAVE_PROCESS_H /D HAVE_STDDEF_H /D HAVE_MALLOC_H /D HAVE_MEMORY_H /D "CMAKE_INTDIR=\"Debug\"" /D _MBCS /Gm- /RTC1 /MDd /GS /fp:precise /Zc:wchar_t /Zc:forScope /Zc:inline /Fo"cmTC_bf3b3.dir\Debug\\" /Fd"cmTC_bf3b3.dir\Debug\vc142.pdb" /Gd /TC /errorReport:queue C:\q2\q2rtx\extern\curl\CMake\CurlTests.c
C:\q2\q2rtx\extern\curl\CMake\CurlTests.c(463,10): error C1083:  Cannot open include file: 'net/if.h': No such file or directory [C:\q2\q2rtx\build\CMakeFiles\CMakeTmp\cmTC_bf3b3.vcxproj]

Performing Curl Test HAVE_SETSOCKOPT_SO_NONBLOCK failed with the following output:
Change Dir: C:/q2/q2rtx/build/CMakeFiles/CMakeTmp

Run Build Command(s):C:/Program Files (x86)/Microsoft Visual Studio/2019/Community/MSBuild/Current/Bin/MSBuild.exe cmTC_6bbf6.vcxproj /p:Configuration=Debug /p:Platform=x64 /p:VisualStudioVersion=16.0 /v:m 
Microsoft (R) Build Engine version 16.1.76+g14b0a930a7 for .NET Framework
Copyright (C) Microsoft Corporation. All rights reserved.

  Microsoft (R) C/C++ Optimizing Compiler Version 19.21.27702.2 for x64
  CurlTests.c
  Copyright (C) Microsoft Corporation.  All rights reserved.
  cl /c /Zi /W3 /WX- /diagnostics:column /Od /Ob0 /D WIN32 /D _WINDOWS /D HAVE_SETSOCKOPT_SO_NONBLOCK /D HAVE_WINDOWS_H /D HAVE_WINSOCK_H /D HAVE_WS2TCPIP_H /D HAVE_WINSOCK2_H /D HAVE_STDIO_H /D HAVE_SYS_STAT_H /D HAVE_SYS_TYPES_H /D HAVE_SYS_UTIME_H /D HAVE_ASSERT_H /D HAVE_ERRNO_H /D HAVE_FCNTL_H /D HAVE_IO_H /D HAVE_LOCALE_H /D HAVE_SETJMP_H /D HAVE_SIGNAL_H /D HAVE_STDBOOL_H /D HAVE_STDLIB_H /D HAVE_STRING_H /D HAVE_TIME_H /D HAVE_PROCESS_H /D HAVE_STDDEF_H /D HAVE_MALLOC_H /D HAVE_MEMORY_H /D "CMAKE_INTDIR=\"Debug\"" /D _MBCS /Gm- /RTC1 /MDd /GS /fp:precise /Zc:wchar_t /Zc:forScope /Zc:inline /Fo"cmTC_6bbf6.dir\Debug\\" /Fd"cmTC_6bbf6.dir\Debug\vc142.pdb" /Gd /TC /errorReport:queue C:\q2\q2rtx\extern\curl\CMake\CurlTests.c
C:\q2\q2rtx\extern\curl\CMake\CurlTests.c(503,54): error C2065:  'SO_NONBLOCK': undeclared identifier [C:\q2\q2rtx\build\CMakeFiles\CMakeTmp\cmTC_6bbf6.vcxproj]

Performing Curl Test HAVE_SOCKADDR_IN6_SIN6_SCOPE_ID failed with the following output:
Change Dir: C:/q2/q2rtx/build/CMakeFiles/CMakeTmp

Run Build Command(s):C:/Program Files (x86)/Microsoft Visual Studio/2019/Community/MSBuild/Current/Bin/MSBuild.exe cmTC_29bcc.vcxproj /p:Configuration=Debug /p:Platform=x64 /p:VisualStudioVersion=16.0 /v:m 
Microsoft (R) Build Engine version 16.1.76+g14b0a930a7 for .NET Framework
Copyright (C) Microsoft Corporation. All rights reserved.

  Microsoft (R) C/C++ Optimizing Compiler Version 19.21.27702.2 for x64
  CurlTests.c
  Copyright (C) Microsoft Corporation.  All rights reserved.
  cl /c /Zi /W3 /WX- /diagnostics:column /Od /Ob0 /D WIN32 /D _WINDOWS /D HAVE_SOCKADDR_IN6_SIN6_SCOPE_ID /D HAVE_WINDOWS_H /D HAVE_WINSOCK_H /D HAVE_WS2TCPIP_H /D HAVE_WINSOCK2_H /D HAVE_STDIO_H /D HAVE_SYS_STAT_H /D HAVE_SYS_TYPES_H /D HAVE_SYS_UTIME_H /D HAVE_ASSERT_H /D HAVE_ERRNO_H /D HAVE_FCNTL_H /D HAVE_IO_H /D HAVE_LOCALE_H /D HAVE_SETJMP_H /D HAVE_SIGNAL_H /D HAVE_STDBOOL_H /D HAVE_STDLIB_H /D HAVE_STRING_H /D HAVE_TIME_H /D HAVE_PROCESS_H /D HAVE_STDDEF_H /D HAVE_MALLOC_H /D HAVE_MEMORY_H /D "CMAKE_INTDIR=\"Debug\"" /D _MBCS /Gm- /RTC1 /MDd /GS /fp:precise /Zc:wchar_t /Zc:forScope /Zc:inline /Fo"cmTC_29bcc.dir\Debug\\" /Fd"cmTC_29bcc.dir\Debug\vc142.pdb" /Gd /TC /errorReport:queue C:\q2\q2rtx\extern\curl\CMake\CurlTests.c
MSVCRTD.lib(exe_main.obj) : error LNK2019: unresolved external symbol main referenced in function "int __cdecl invoke_main(void)" (?invoke_main@@YAHXZ) [C:\q2\q2rtx\build\CMakeFiles\CMakeTmp\cmTC_29bcc.vcxproj]
C:\q2\q2rtx\build\CMakeFiles\CMakeTmp\Debug\cmTC_29bcc.exe : fatal error LNK1120: 1 unresolved externals [C:\q2\q2rtx\build\CMakeFiles\CMakeTmp\cmTC_29bcc.vcxproj]

Performing Curl Test HAVE_FILE_OFFSET_BITS failed with the following output:
Change Dir: C:/q2/q2rtx/build/CMakeFiles/CMakeTmp

Run Build Command(s):C:/Program Files (x86)/Microsoft Visual Studio/2019/Community/MSBuild/Current/Bin/MSBuild.exe cmTC_b78f2.vcxproj /p:Configuration=Debug /p:Platform=x64 /p:VisualStudioVersion=16.0 /v:m 
Microsoft (R) Build Engine version 16.1.76+g14b0a930a7 for .NET Framework
Copyright (C) Microsoft Corporation. All rights reserved.

  Microsoft (R) C/C++ Optimizing Compiler Version 19.21.27702.2 for x64
  CurlTests.c
  Copyright (C) Microsoft Corporation.  All rights reserved.
  cl /c /Zi /W3 /WX- /diagnostics:column /Od /Ob0 /D WIN32 /D _WINDOWS /D HAVE_FILE_OFFSET_BITS /D HAVE_WINDOWS_H /D HAVE_WINSOCK_H /D HAVE_WS2TCPIP_H /D HAVE_WINSOCK2_H /D HAVE_STDIO_H /D HAVE_SYS_STAT_H /D HAVE_SYS_TYPES_H /D HAVE_SYS_UTIME_H /D HAVE_ASSERT_H /D HAVE_ERRNO_H /D HAVE_FCNTL_H /D HAVE_IO_H /D HAVE_LOCALE_H /D HAVE_SETJMP_H /D HAVE_SIGNAL_H /D HAVE_STDBOOL_H /D HAVE_STDLIB_H /D HAVE_STRING_H /D HAVE_TIME_H /D HAVE_PROCESS_H /D HAVE_STDDEF_H /D HAVE_MALLOC_H /D HAVE_MEMORY_H /D "CMAKE_INTDIR=\"Debug\"" /D _MBCS /Gm- /RTC1 /MDd /GS /fp:precise /Zc:wchar_t /Zc:forScope /Zc:inline /Fo"cmTC_b78f2.dir\Debug\\" /Fd"cmTC_b78f2.dir\Debug\vc142.pdb" /Gd /TC /errorReport:queue C:\q2\q2rtx\extern\curl\CMake\CurlTests.c
C:\q2\q2rtx\extern\curl\CMake\CurlTests.c(297,23): warning C4293:  '<<': shift count negative or too big, undefined behavior [C:\q2\q2rtx\build\CMakeFiles\CMakeTmp\cmTC_b78f2.vcxproj]
C:\q2\q2rtx\extern\curl\CMake\CurlTests.c(298,27): warning C4293:  '<<': shift count negative or too big, undefined behavior [C:\q2\q2rtx\build\CMakeFiles\CMakeTmp\cmTC_b78f2.vcxproj]
C:\q2\q2rtx\extern\curl\CMake\CurlTests.c(299,31): error C2118:  negative subscript [C:\q2\q2rtx\build\CMakeFiles\CMakeTmp\cmTC_b78f2.vcxproj]

Performing Curl Test HAVE_VARIADIC_MACROS_GCC failed with the following output:
Change Dir: C:/q2/q2rtx/build/CMakeFiles/CMakeTmp

Run Build Command(s):C:/Program Files (x86)/Microsoft Visual Studio/2019/Community/MSBuild/Current/Bin/MSBuild.exe cmTC_f08d8.vcxproj /p:Configuration=Debug /p:Platform=x64 /p:VisualStudioVersion=16.0 /v:m 
Microsoft (R) Build Engine version 16.1.76+g14b0a930a7 for .NET Framework
Copyright (C) Microsoft Corporation. All rights reserved.

  Microsoft (R) C/C++ Optimizing Compiler Version 19.21.27702.2 for x64
  CurlTests.c
  Copyright (C) Microsoft Corporation.  All rights reserved.
  cl /c /Zi /W3 /WX- /diagnostics:column /Od /Ob0 /D WIN32 /D _WINDOWS /D HAVE_VARIADIC_MACROS_GCC /D HAVE_WINDOWS_H /D HAVE_WINSOCK_H /D HAVE_WS2TCPIP_H /D HAVE_WINSOCK2_H /D HAVE_STDIO_H /D HAVE_SYS_STAT_H /D HAVE_SYS_TYPES_H /D HAVE_SYS_UTIME_H /D HAVE_ASSERT_H /D HAVE_ERRNO_H /D HAVE_FCNTL_H /D HAVE_IO_H /D HAVE_LOCALE_H /D HAVE_SETJMP_H /D HAVE_SIGNAL_H /D HAVE_STDBOOL_H /D HAVE_STDLIB_H /D HAVE_STRING_H /D HAVE_TIME_H /D HAVE_PROCESS_H /D HAVE_STDDEF_H /D HAVE_MALLOC_H /D HAVE_MEMORY_H /D "CMAKE_INTDIR=\"Debug\"" /D _MBCS /Gm- /RTC1 /MDd /GS /fp:precise /Zc:wchar_t /Zc:forScope /Zc:inline /Fo"cmTC_f08d8.dir\Debug\\" /Fd"cmTC_f08d8.dir\Debug\vc142.pdb" /Gd /TC /errorReport:queue C:\q2\q2rtx\extern\curl\CMake\CurlTests.c
C:\q2\q2rtx\extern\curl\CMake\CurlTests.c(594,1): error C2010:  '.': unexpected in macro parameter list [C:\q2\q2rtx\build\CMakeFiles\CMakeTmp\cmTC_f08d8.vcxproj]
C:\q2\q2rtx\extern\curl\CMake\CurlTests.c(595,1): error C2010:  '.': unexpected in macro parameter list [C:\q2\q2rtx\build\CMakeFiles\CMakeTmp\cmTC_f08d8.vcxproj]

Performing Curl Test HAVE_GLIBC_STRERROR_R failed with the following output:
Change Dir: C:/q2/q2rtx/build/CMakeFiles/CMakeTmp

Run Build Command(s):C:/Program Files (x86)/Microsoft Visual Studio/2019/Community/MSBuild/Current/Bin/MSBuild.exe cmTC_ee393.vcxproj /p:Configuration=Debug /p:Platform=x64 /p:VisualStudioVersion=16.0 /v:m 
Microsoft (R) Build Engine version 16.1.76+g14b0a930a7 for .NET Framework
Copyright (C) Microsoft Corporation. All rights reserved.

  Microsoft (R) C/C++ Optimizing Compiler Version 19.21.27702.2 for x64
  CurlTests.c
  Copyright (C) Microsoft Corporation.  All rights reserved.
  cl /c /Zi /W3 /WX- /diagnostics:column /Od /Ob0 /D WIN32 /D _WINDOWS /D HAVE_GLIBC_STRERROR_R /D HAVE_WINDOWS_H /D HAVE_WINSOCK_H /D HAVE_WS2TCPIP_H /D HAVE_WINSOCK2_H /D HAVE_STDIO_H /D HAVE_SYS_STAT_H /D HAVE_SYS_TYPES_H /D HAVE_SYS_UTIME_H /D HAVE_ASSERT_H /D HAVE_ERRNO_H /D HAVE_FCNTL_H /D HAVE_IO_H /D HAVE_LOCALE_H /D HAVE_SETJMP_H /D HAVE_SIGNAL_H /D HAVE_STDBOOL_H /D HAVE_STDLIB_H /D HAVE_STRING_H /D HAVE_TIME_H /D HAVE_PROCESS_H /D HAVE_STDDEF_H /D HAVE_MALLOC_H /D HAVE_MEMORY_H /D "CMAKE_INTDIR=\"Debug\"" /D _MBCS /Gm- /RTC1 /MDd /GS /fp:precise /Zc:wchar_t /Zc:forScope /Zc:inline /Fo"cmTC_ee393.dir\Debug\\" /Fd"cmTC_ee393.dir\Debug\vc142.pdb" /Gd /TC /errorReport:queue C:\q2\q2rtx\extern\curl\CMake\CurlTests.c
C:\q2\q2rtx\extern\curl\CMake\CurlTests.c(519,19): warning C4013:  'strerror_r' undefined; assuming extern returning int [C:\q2\q2rtx\build\CMakeFiles\CMakeTmp\cmTC_ee393.vcxproj]
C:\q2\q2rtx\extern\curl\CMake\CurlTests.c(519,53): error C2109:  subscript requires array or pointer type [C:\q2\q2rtx\build\CMakeFiles\CMakeTmp\cmTC_ee393.vcxproj]
C:\q2\q2rtx\extern\curl\CMake\CurlTests.c(519,54): error C2198:  'check': too few arguments for call [C:\q2\q2rtx\build\CMakeFiles\CMakeTmp\cmTC_ee393.vcxproj]

Performing Curl Test HAVE_POSIX_STRERROR_R failed with the following output:
Change Dir: C:/q2/q2rtx/build/CMakeFiles/CMakeTmp

Run Build Command(s):C:/Program Files (x86)/Microsoft Visual Studio/2019/Community/MSBuild/Current/Bin/MSBuild.exe cmTC_64855.vcxproj /p:Configuration=Debug /p:Platform=x64 /p:VisualStudioVersion=16.0 /v:m 
Microsoft (R) Build Engine version 16.1.76+g14b0a930a7 for .NET Framework
Copyright (C) Microsoft Corporation. All rights reserved.

  Microsoft (R) C/C++ Optimizing Compiler Version 19.21.27702.2 for x64
  CurlTests.c
  Copyright (C) Microsoft Corporation.  All rights reserved.
  cl /c /Zi /W3 /WX- /diagnostics:column /Od /Ob0 /D WIN32 /D _WINDOWS /D HAVE_POSIX_STRERROR_R /D HAVE_WINDOWS_H /D HAVE_WINSOCK_H /D HAVE_WS2TCPIP_H /D HAVE_WINSOCK2_H /D HAVE_STDIO_H /D HAVE_SYS_STAT_H /D HAVE_SYS_TYPES_H /D HAVE_SYS_UTIME_H /D HAVE_ASSERT_H /D HAVE_ERRNO_H /D HAVE_FCNTL_H /D HAVE_IO_H /D HAVE_LOCALE_H /D HAVE_SETJMP_H /D HAVE_SIGNAL_H /D HAVE_STDBOOL_H /D HAVE_STDLIB_H /D HAVE_STRING_H /D HAVE_TIME_H /D HAVE_PROCESS_H /D HAVE_STDDEF_H /D HAVE_MALLOC_H /D HAVE_MEMORY_H /D "CMAKE_INTDIR=\"Debug\"" /D _MBCS /Gm- /RTC1 /MDd /GS /fp:precise /Zc:wchar_t /Zc:forScope /Zc:inline /Fo"cmTC_64855.dir\Debug\\" /Fd"cmTC_64855.dir\Debug\vc142.pdb" /Gd /TC /errorReport:queue C:\q2\q2rtx\extern\curl\CMake\CurlTests.c
C:\q2\q2rtx\extern\curl\CMake\CurlTests.c(534,19): warning C4013:  'strerror_r' undefined; assuming extern returning int [C:\q2\q2rtx\build\CMakeFiles\CMakeTmp\cmTC_64855.vcxproj]
C:\q2\q2rtx\extern\curl\CMake\CurlTests.c(534,51): warning C4244:  'function': conversion from 'int' to 'float', possible loss of data [C:\q2\q2rtx\build\CMakeFiles\CMakeTmp\cmTC_64855.vcxproj]
CurlTests.obj : error LNK2019: unresolved external symbol strerror_r referenced in function main [C:\q2\q2rtx\build\CMakeFiles\CMakeTmp\cmTC_64855.vcxproj]
C:\q2\q2rtx\build\CMakeFiles\CMakeTmp\Debug\cmTC_64855.exe : fatal error LNK1120: 1 unresolved externals [C:\q2\q2rtx\build\CMakeFiles\CMakeTmp\cmTC_64855.vcxproj]

Performing Curl Test HAVE_CLOCK_GETTIME_MONOTONIC failed with the following output:
Change Dir: C:/q2/q2rtx/build/CMakeFiles/CMakeTmp

Run Build Command(s):C:/Program Files (x86)/Microsoft Visual Studio/2019/Community/MSBuild/Current/Bin/MSBuild.exe cmTC_41eff.vcxproj /p:Configuration=Debug /p:Platform=x64 /p:VisualStudioVersion=16.0 /v:m 
Microsoft (R) Build Engine version 16.1.76+g14b0a930a7 for .NET Framework
Copyright (C) Microsoft Corporation. All rights reserved.

  Microsoft (R) C/C++ Optimizing Compiler Version 19.21.27702.2 for x64
  CurlTests.c
  Copyright (C) Microsoft Corporation.  All rights reserved.
  cl /c /Zi /W3 /WX- /diagnostics:column /Od /Ob0 /D WIN32 /D _WINDOWS /D HAVE_CLOCK_GETTIME_MONOTONIC /D HAVE_WINDOWS_H /D HAVE_WINSOCK_H /D HAVE_WS2TCPIP_H /D HAVE_WINSOCK2_H /D HAVE_STDIO_H /D HAVE_SYS_STAT_H /D HAVE_SYS_TYPES_H /D HAVE_SYS_UTIME_H /D HAVE_ASSERT_H /D HAVE_ERRNO_H /D HAVE_FCNTL_H /D HAVE_IO_H /D HAVE_LOCALE_H /D HAVE_SETJMP_H /D HAVE_SIGNAL_H /D HAVE_STDBOOL_H /D HAVE_STDLIB_H /D HAVE_STRING_H /D HAVE_TIME_H /D HAVE_PROCESS_H /D HAVE_STDDEF_H /D HAVE_MALLOC_H /D HAVE_MEMORY_H /D "CMAKE_INTDIR=\"Debug\"" /D _MBCS /Gm- /RTC1 /MDd /GS /fp:precise /Zc:wchar_t /Zc:forScope /Zc:inline /Fo"cmTC_41eff.dir\Debug\\" /Fd"cmTC_41eff.dir\Debug\vc142.pdb" /Gd /TC /errorReport:queue C:\q2\q2rtx\extern\curl\CMake\CurlTests.c
C:\q2\q2rtx\extern\curl\CMake\CurlTests.c(559,16): warning C4013:  'clock_gettime' undefined; assuming extern returning int [C:\q2\q2rtx\build\CMakeFiles\CMakeTmp\cmTC_41eff.vcxproj]
C:\q2\q2rtx\extern\curl\CMake\CurlTests.c(559,32): error C2065:  'CLOCK_MONOTONIC': undeclared identifier [C:\q2\q2rtx\build\CMakeFiles\CMakeTmp\cmTC_41eff.vcxproj]

Performing Curl Test HAVE_BUILTIN_AVAILABLE failed with the following output:
Change Dir: C:/q2/q2rtx/build/CMakeFiles/CMakeTmp

Run Build Command(s):C:/Program Files (x86)/Microsoft Visual Studio/2019/Community/MSBuild/Current/Bin/MSBuild.exe cmTC_cc847.vcxproj /p:Configuration=Debug /p:Platform=x64 /p:VisualStudioVersion=16.0 /v:m 
Microsoft (R) Build Engine version 16.1.76+g14b0a930a7 for .NET Framework
Copyright (C) Microsoft Corporation. All rights reserved.

  Microsoft (R) C/C++ Optimizing Compiler Version 19.21.27702.2 for x64
  CurlTests.c
  Copyright (C) Microsoft Corporation.  All rights reserved.
  cl /c /Zi /W3 /WX- /diagnostics:column /Od /Ob0 /D WIN32 /D _WINDOWS /D HAVE_BUILTIN_AVAILABLE /D HAVE_WINDOWS_H /D HAVE_WINSOCK_H /D HAVE_WS2TCPIP_H /D HAVE_WINSOCK2_H /D HAVE_STDIO_H /D HAVE_SYS_STAT_H /D HAVE_SYS_TYPES_H /D HAVE_SYS_UTIME_H /D HAVE_ASSERT_H /D HAVE_ERRNO_H /D HAVE_FCNTL_H /D HAVE_IO_H /D HAVE_LOCALE_H /D HAVE_SETJMP_H /D HAVE_SIGNAL_H /D HAVE_STDBOOL_H /D HAVE_STDLIB_H /D HAVE_STRING_H /D HAVE_TIME_H /D HAVE_PROCESS_H /D HAVE_STDDEF_H /D HAVE_MALLOC_H /D HAVE_MEMORY_H /D "CMAKE_INTDIR=\"Debug\"" /D _MBCS /Gm- /RTC1 /MDd /GS /fp:precise /Zc:wchar_t /Zc:forScope /Zc:inline /Fo"cmTC_cc847.dir\Debug\\" /Fd"cmTC_cc847.dir\Debug\vc142.pdb" /Gd /TC /errorReport:queue C:\q2\q2rtx\extern\curl\CMake\CurlTests.c
C:\q2\q2rtx\extern\curl\CMake\CurlTests.c(566,25): warning C4013:  '__builtin_available' undefined; assuming extern returning int [C:\q2\q2rtx\build\CMakeFiles\CMakeTmp\cmTC_cc847.vcxproj]
C:\q2\q2rtx\extern\curl\CMake\CurlTests.c(566,32): error C2065:  'macOS': undeclared identifier [C:\q2\q2rtx\build\CMakeFiles\CMakeTmp\cmTC_cc847.vcxproj]
C:\q2\q2rtx\extern\curl\CMake\CurlTests.c(566,32): error C2143:  syntax error: missing ')' before 'constant' [C:\q2\q2rtx\build\CMakeFiles\CMakeTmp\cmTC_cc847.vcxproj]
C:\q2\q2rtx\extern\curl\CMake\CurlTests.c(566,40): error C2059:  syntax error: ')' [C:\q2\q2rtx\build\CMakeFiles\CMakeTmp\cmTC_cc847.vcxproj]
C:\q2\q2rtx\extern\curl\CMake\CurlTests.c(566,41): error C2059:  syntax error: ')' [C:\q2\q2rtx\build\CMakeFiles\CMakeTmp\cmTC_cc847.vcxproj]

Performing C SOURCE FILE Test HAVE_MSG_NOSIGNAL failed with the following output:
Change Dir: C:/q2/q2rtx/build/CMakeFiles/CMakeTmp

Run Build Command(s):C:/Program Files (x86)/Microsoft Visual Studio/2019/Community/MSBuild/Current/Bin/MSBuild.exe cmTC_94b07.vcxproj /p:Configuration=Debug /p:Platform=x64 /p:VisualStudioVersion=16.0 /v:m 
Microsoft (R) Build Engine version 16.1.76+g14b0a930a7 for .NET Framework
Copyright (C) Microsoft Corporation. All rights reserved.

  Microsoft (R) C/C++ Optimizing Compiler Version 19.21.27702.2 for x64
  src.c
  Copyright (C) Microsoft Corporation.  All rights reserved.
  cl /c /IC:\q2\q2rtx\extern\curl\include /Zi /W3 /WX- /diagnostics:column /Od /Ob0 /D WIN32 /D _WINDOWS /D HAVE_MSG_NOSIGNAL /D _WINSOCKAPI_= /D "CMAKE_INTDIR=\"Debug\"" /D _MBCS /Gm- /RTC1 /MDd /GS /fp:precise /Zc:wchar_t /Zc:forScope /Zc:inline /Fo"cmTC_94b07.dir\Debug\\" /Fd"cmTC_94b07.dir\Debug\cmTC_94b07.pdb" /Gd /TC /errorReport:queue C:\q2\q2rtx\build\CMakeFiles\CMakeTmp\src.c
C:\q2\q2rtx\build\CMakeFiles\CMakeTmp\src.c(9,28): error C2065:  'MSG_NOSIGNAL': undeclared identifier [C:\q2\q2rtx\build\CMakeFiles\CMakeTmp\cmTC_94b07.vcxproj]

Source file was:
#undef inline
#include <winsock2.h>
#include <windows.h>
#include <winsock.h>
#ifndef WIN32_LEAN_AND_MEAN
#define WIN32_LEAN_AND_MEAN
#endif
  int main(void) {
    int flag = MSG_NOSIGNAL;
    (void)flag;
    return 0;
  }
Performing C SOURCE FILE Test HAVE_POLL_FINE failed with the following compile output:
Change Dir: C:/q2/q2rtx/build/CMakeFiles/CMakeTmp

Run Build Command(s):C:/Program Files (x86)/Microsoft Visual Studio/2019/Community/MSBuild/Current/Bin/MSBuild.exe cmTC_c68fe.vcxproj /p:Configuration=Debug /p:Platform=x64 /p:VisualStudioVersion=16.0 /v:m 
Microsoft (R) Build Engine version 16.1.76+g14b0a930a7 for .NET Framework
Copyright (C) Microsoft Corporation. All rights reserved.

  Microsoft (R) C/C++ Optimizing Compiler Version 19.21.27702.2 for x64
  src.c
  Copyright (C) Microsoft Corporation.  All rights reserved.
  cl /c /IC:\q2\q2rtx\extern\curl\include /Zi /W3 /WX- /diagnostics:column /Od /Ob0 /D WIN32 /D _WINDOWS /D HAVE_POLL_FINE /D _WINSOCKAPI_= /D "CMAKE_INTDIR=\"Debug\"" /D _MBCS /Gm- /RTC1 /MDd /GS /fp:precise /Zc:wchar_t /Zc:forScope /Zc:inline /Fo"cmTC_c68fe.dir\Debug\\" /Fd"cmTC_c68fe.dir\Debug\vc142.pdb" /Gd /TC /errorReport:queue C:\q2\q2rtx\build\CMakeFiles\CMakeTmp\src.c
C:\q2\q2rtx\build\CMakeFiles\CMakeTmp\src.c(3,14): error C1083:  Cannot open include file: 'sys/time.h': No such file or directory [C:\q2\q2rtx\build\CMakeFiles\CMakeTmp\cmTC_c68fe.vcxproj]

...and run output:

Return value: 1
Source file was:

    #include <stdlib.h>
    #include <sys/time.h>

    #ifdef HAVE_SYS_POLL_H
    #  include <sys/poll.h>
    #elif  HAVE_POLL_H
    #  include <poll.h>
    #endif

    int main(void)
    {
        if(0 != poll(0, 0, 10)) {
          return 1; /* fail */
        }
        else {
          /* detect the 10.12 poll() breakage */
          struct timeval before, after;
          int rc;
          size_t us;

          gettimeofday(&before, NULL);
          rc = poll(NULL, 0, 500);
          gettimeofday(&after, NULL);

          us = (after.tv_sec - before.tv_sec) * 1000000 +
            (after.tv_usec - before.tv_usec);

          if(us < 400000) {
            return 1;
          }
        }
        return 0;
    }
